<?xml version="1.0" encoding="UTF-8"?>
<coverage generated="1572585904757" clover="3.2.0">
  <project timestamp="1572585904758" name="All files">
    <metrics statements="241" coveredstatements="229" conditionals="104" coveredconditionals="93" methods="94" coveredmethods="86" elements="439" coveredelements="408" complexity="0" loc="241" ncloc="241" packages="10" files="29" classes="29"/>
    <package name="app">
      <metrics statements="26" coveredstatements="26" conditionals="8" coveredconditionals="8" methods="4" coveredmethods="4"/>
      <file name="configureStore.js" path="/Users/mac/wednesday/react-template/app/configureStore.js">
        <metrics statements="10" coveredstatements="10" conditionals="1" coveredconditionals="1" methods="1" coveredmethods="1"/>
        <line num="11" count="44" type="stmt"/>
        <line num="12" count="44" type="stmt"/>
        <line num="30" count="44" type="stmt"/>
        <line num="35" count="44" type="stmt"/>
        <line num="37" count="44" type="stmt"/>
        <line num="39" count="44" type="stmt"/>
        <line num="46" count="44" type="stmt"/>
        <line num="47" count="44" type="stmt"/>
        <line num="48" count="44" type="stmt"/>
        <line num="58" count="44" type="stmt"/>
      </file>
      <file name="i18n.js" path="/Users/mac/wednesday/react-template/app/i18n.js">
        <metrics statements="13" coveredstatements="13" conditionals="6" coveredconditionals="6" methods="2" coveredmethods="2"/>
        <line num="10" count="13" type="stmt"/>
        <line num="11" count="13" type="stmt"/>
        <line num="13" count="13" type="stmt"/>
        <line num="15" count="13" type="stmt"/>
        <line num="17" count="13" type="stmt"/>
        <line num="20" count="13" type="stmt"/>
        <line num="24" count="13" type="stmt"/>
        <line num="26" count="16" type="cond" truecount="2" falsecount="0"/>
        <line num="29" count="16" type="stmt"/>
        <line num="31" count="103" type="cond" truecount="4" falsecount="0"/>
        <line num="34" count="103" type="stmt"/>
        <line num="36" count="16" type="stmt"/>
        <line num="39" count="13" type="stmt"/>
      </file>
      <file name="reducers.js" path="/Users/mac/wednesday/react-template/app/reducers.js">
        <metrics statements="2" coveredstatements="2" conditionals="1" coveredconditionals="1" methods="1" coveredmethods="1"/>
        <line num="15" count="51" type="stmt"/>
        <line num="21" count="51" type="stmt"/>
      </file>
      <file name="routeConfig.js" path="/Users/mac/wednesday/react-template/app/routeConfig.js">
        <metrics statements="1" coveredstatements="1" conditionals="0" coveredconditionals="0" methods="0" coveredmethods="0"/>
        <line num="4" count="1" type="stmt"/>
      </file>
    </package>
    <package name="app.components.Clickable">
      <metrics statements="3" coveredstatements="3" conditionals="2" coveredconditionals="2" methods="1" coveredmethods="1"/>
      <file name="index.js" path="/Users/mac/wednesday/react-template/app/components/Clickable/index.js">
        <metrics statements="3" coveredstatements="3" conditionals="2" coveredconditionals="2" methods="1" coveredmethods="1"/>
        <line num="12" count="2" type="stmt"/>
        <line num="19" count="7" type="stmt"/>
        <line num="26" count="2" type="stmt"/>
      </file>
    </package>
    <package name="app.components.Text">
      <metrics statements="7" coveredstatements="7" conditionals="4" coveredconditionals="4" methods="2" coveredmethods="2"/>
      <file name="index.js" path="/Users/mac/wednesday/react-template/app/components/Text/index.js">
        <metrics statements="7" coveredstatements="7" conditionals="4" coveredconditionals="4" methods="2" coveredmethods="2"/>
        <line num="12" count="3" type="stmt"/>
        <line num="14" count="10" type="cond" truecount="2" falsecount="0"/>
        <line num="17" count="3" type="stmt"/>
        <line num="18" count="11" type="stmt"/>
        <line num="23" count="3" type="stmt"/>
        <line num="28" count="3" type="stmt"/>
        <line num="32" count="3" type="stmt"/>
      </file>
    </package>
    <package name="app.containers.App">
      <metrics statements="8" coveredstatements="6" conditionals="0" coveredconditionals="0" methods="5" coveredmethods="3"/>
      <file name="index.js" path="/Users/mac/wednesday/react-template/app/containers/App/index.js">
        <metrics statements="4" coveredstatements="2" conditionals="0" coveredconditionals="0" methods="2" coveredmethods="0"/>
        <line num="20" count="1" type="stmt"/>
        <line num="26" count="0" type="stmt"/>
        <line num="31" count="0" type="stmt"/>
        <line num="44" count="1" type="stmt"/>
      </file>
      <file name="selectors.js" path="/Users/mac/wednesday/react-template/app/containers/App/selectors.js">
        <metrics statements="4" coveredstatements="4" conditionals="0" coveredconditionals="0" methods="3" coveredmethods="3"/>
        <line num="3" count="1" type="stmt"/>
        <line num="5" count="1" type="stmt"/>
        <line num="6" count="1" type="stmt"/>
        <line num="8" count="1" type="stmt"/>
      </file>
    </package>
    <package name="app.containers.HomeContainer">
      <metrics statements="74" coveredstatements="65" conditionals="36" coveredconditionals="28" methods="27" coveredmethods="22"/>
      <file name="index.js" path="/Users/mac/wednesday/react-template/app/containers/HomeContainer/index.js">
        <metrics statements="43" coveredstatements="34" conditionals="28" coveredconditionals="21" methods="14" coveredmethods="9"/>
        <line num="30" count="1" type="stmt"/>
        <line num="32" count="1" type="stmt"/>
        <line num="35" count="6" type="stmt"/>
        <line num="36" count="6" type="stmt"/>
        <line num="37" count="6" type="cond" truecount="2" falsecount="0"/>
        <line num="40" count="1" type="stmt"/>
        <line num="50" count="1" type="stmt"/>
        <line num="62" count="3" type="stmt"/>
        <line num="63" count="3" type="stmt"/>
        <line num="64" count="3" type="stmt"/>
        <line num="65" count="3" type="stmt"/>
        <line num="68" count="3" type="cond" truecount="2" falsecount="0"/>
        <line num="69" count="3" type="cond" truecount="3" falsecount="1"/>
        <line num="70" count="0" type="stmt"/>
        <line num="74" count="3" type="stmt"/>
        <line num="75" count="1" type="cond" truecount="1" falsecount="1"/>
        <line num="76" count="1" type="stmt"/>
        <line num="77" count="1" type="stmt"/>
        <line num="80" count="3" type="stmt"/>
        <line num="82" count="3" type="stmt"/>
        <line num="83" count="3" type="stmt"/>
        <line num="84" count="3" type="stmt"/>
        <line num="85" count="3" type="stmt"/>
        <line num="100" count="0" type="stmt"/>
        <line num="111" count="3" type="stmt"/>
        <line num="113" count="3" type="cond" truecount="1" falsecount="1"/>
        <line num="114" count="0" type="stmt"/>
        <line num="115" count="3" type="cond" truecount="1" falsecount="1"/>
        <line num="116" count="3" type="stmt"/>
        <line num="118" count="3" type="stmt"/>
        <line num="130" count="3" type="stmt"/>
        <line num="131" count="0" type="stmt"/>
        <line num="132" count="0" type="stmt"/>
        <line num="134" count="3" type="stmt"/>
        <line num="148" count="1" type="stmt"/>
        <line num="149" count="0" type="stmt"/>
        <line num="158" count="1" type="stmt"/>
        <line num="171" count="1" type="stmt"/>
        <line num="179" count="0" type="stmt"/>
        <line num="180" count="0" type="stmt"/>
        <line num="181" count="0" type="stmt"/>
        <line num="185" count="1" type="stmt"/>
        <line num="197" count="1" type="stmt"/>
      </file>
      <file name="reducer.js" path="/Users/mac/wednesday/react-template/app/containers/HomeContainer/reducer.js">
        <metrics statements="9" coveredstatements="9" conditionals="4" coveredconditionals="4" methods="2" coveredmethods="2"/>
        <line num="14" count="5" type="stmt"/>
        <line num="19" count="5" type="stmt"/>
        <line num="22" count="5" type="cond" truecount="1" falsecount="0"/>
        <line num="23" count="10" type="stmt"/>
        <line num="24" count="10" type="cond" truecount="3" falsecount="0"/>
        <line num="26" count="1" type="stmt"/>
        <line num="28" count="1" type="stmt"/>
        <line num="30" count="1" type="stmt"/>
        <line num="35" count="7" type="stmt"/>
      </file>
      <file name="saga.js" path="/Users/mac/wednesday/react-template/app/containers/HomeContainer/saga.js">
        <metrics statements="8" coveredstatements="8" conditionals="2" coveredconditionals="2" methods="2" coveredmethods="2"/>
        <line num="5" count="2" type="stmt"/>
        <line num="6" count="2" type="stmt"/>
        <line num="8" count="2" type="stmt"/>
        <line num="9" count="2" type="stmt"/>
        <line num="10" count="2" type="cond" truecount="2" falsecount="0"/>
        <line num="11" count="1" type="stmt"/>
        <line num="13" count="1" type="stmt"/>
        <line num="18" count="3" type="stmt"/>
      </file>
      <file name="selectors.js" path="/Users/mac/wednesday/react-template/app/containers/HomeContainer/selectors.js">
        <metrics statements="14" coveredstatements="14" conditionals="2" coveredconditionals="1" methods="9" coveredmethods="9"/>
        <line num="9" count="2" type="stmt"/>
        <line num="10" count="4" type="cond" truecount="1" falsecount="1"/>
        <line num="20" count="2" type="stmt"/>
        <line num="21" count="2" type="stmt"/>
        <line num="23" count="1" type="stmt"/>
        <line num="26" count="2" type="stmt"/>
        <line num="27" count="2" type="stmt"/>
        <line num="29" count="1" type="stmt"/>
        <line num="32" count="2" type="stmt"/>
        <line num="33" count="2" type="stmt"/>
        <line num="35" count="1" type="stmt"/>
        <line num="38" count="2" type="stmt"/>
        <line num="39" count="2" type="stmt"/>
        <line num="41" count="1" type="stmt"/>
      </file>
    </package>
    <package name="app.containers.LanguageProvider">
      <metrics statements="16" coveredstatements="16" conditionals="5" coveredconditionals="4" methods="8" coveredmethods="8"/>
      <file name="index.js" path="/Users/mac/wednesday/react-template/app/containers/LanguageProvider/index.js">
        <metrics statements="5" coveredstatements="5" conditionals="0" coveredconditionals="0" methods="3" coveredmethods="3"/>
        <line num="18" count="4" type="stmt"/>
        <line num="29" count="5" type="stmt"/>
        <line num="35" count="5" type="stmt"/>
        <line num="37" count="2" type="stmt"/>
        <line num="43" count="3" type="stmt"/>
      </file>
      <file name="reducer.js" path="/Users/mac/wednesday/react-template/app/containers/LanguageProvider/reducer.js">
        <metrics statements="7" coveredstatements="7" conditionals="3" coveredconditionals="3" methods="2" coveredmethods="2"/>
        <line num="14" count="12" type="stmt"/>
        <line num="18" count="12" type="stmt"/>
        <line num="23" count="12" type="cond" truecount="1" falsecount="0"/>
        <line num="24" count="160" type="stmt"/>
        <line num="25" count="160" type="cond" truecount="2" falsecount="0"/>
        <line num="27" count="1" type="stmt"/>
        <line num="29" count="159" type="stmt"/>
      </file>
      <file name="selectors.js" path="/Users/mac/wednesday/react-template/app/containers/LanguageProvider/selectors.js">
        <metrics statements="4" coveredstatements="4" conditionals="2" coveredconditionals="1" methods="3" coveredmethods="3"/>
        <line num="7" count="6" type="cond" truecount="1" falsecount="1"/>
        <line num="13" count="6" type="stmt"/>
        <line num="14" count="5" type="stmt"/>
        <line num="16" count="5" type="stmt"/>
      </file>
    </package>
    <package name="app.containers.NotFoundPage">
      <metrics statements="2" coveredstatements="2" conditionals="0" coveredconditionals="0" methods="1" coveredmethods="1"/>
      <file name="index.js" path="/Users/mac/wednesday/react-template/app/containers/NotFoundPage/index.js">
        <metrics statements="1" coveredstatements="1" conditionals="0" coveredconditionals="0" methods="1" coveredmethods="1"/>
        <line num="14" count="1" type="stmt"/>
      </file>
      <file name="messages.js" path="/Users/mac/wednesday/react-template/app/containers/NotFoundPage/messages.js">
        <metrics statements="1" coveredstatements="1" conditionals="0" coveredconditionals="0" methods="0" coveredmethods="0"/>
        <line num="8" count="1" type="stmt"/>
      </file>
    </package>
    <package name="app.services">
      <metrics statements="3" coveredstatements="3" conditionals="0" coveredconditionals="0" methods="1" coveredmethods="1"/>
      <file name="repoApi.js" path="/Users/mac/wednesday/react-template/app/services/repoApi.js">
        <metrics statements="3" coveredstatements="3" conditionals="0" coveredconditionals="0" methods="1" coveredmethods="1"/>
        <line num="2" count="3" type="stmt"/>
        <line num="4" count="3" type="stmt"/>
        <line num="5" count="1" type="stmt"/>
      </file>
    </package>
    <package name="app.themes">
      <metrics statements="16" coveredstatements="16" conditionals="0" coveredconditionals="0" methods="11" coveredmethods="11"/>
      <file name="colors.js" path="/Users/mac/wednesday/react-template/app/themes/colors.js">
        <metrics statements="5" coveredstatements="5" conditionals="0" coveredconditionals="0" methods="0" coveredmethods="0"/>
        <line num="8" count="2" type="stmt"/>
        <line num="9" count="2" type="stmt"/>
        <line num="10" count="2" type="stmt"/>
        <line num="11" count="2" type="stmt"/>
        <line num="12" count="2" type="stmt"/>
      </file>
      <file name="fonts.js" path="/Users/mac/wednesday/react-template/app/themes/fonts.js">
        <metrics statements="11" coveredstatements="11" conditionals="0" coveredconditionals="0" methods="11" coveredmethods="11"/>
        <line num="4" count="3" type="stmt"/>
        <line num="7" count="3" type="stmt"/>
        <line num="10" count="3" type="stmt"/>
        <line num="13" count="3" type="stmt"/>
        <line num="18" count="2" type="stmt"/>
        <line num="21" count="5" type="stmt"/>
        <line num="25" count="5" type="stmt"/>
        <line num="30" count="2" type="stmt"/>
        <line num="35" count="2" type="stmt"/>
        <line num="40" count="2" type="stmt"/>
        <line num="45" count="2" type="stmt"/>
      </file>
    </package>
    <package name="app.utils">
      <metrics statements="86" coveredstatements="85" conditionals="49" coveredconditionals="47" methods="34" coveredmethods="33"/>
      <file name="checkStore.js" path="/Users/mac/wednesday/react-template/app/utils/checkStore.js">
        <metrics statements="2" coveredstatements="2" conditionals="0" coveredconditionals="0" methods="1" coveredmethods="1"/>
        <line num="8" count="17" type="stmt"/>
        <line num="17" count="17" type="stmt"/>
      </file>
      <file name="constants.js" path="/Users/mac/wednesday/react-template/app/utils/constants.js">
        <metrics statements="3" coveredstatements="3" conditionals="0" coveredconditionals="0" methods="0" coveredmethods="0"/>
        <line num="1" count="3" type="stmt"/>
        <line num="2" count="3" type="stmt"/>
        <line num="3" count="3" type="stmt"/>
      </file>
      <file name="history.js" path="/Users/mac/wednesday/react-template/app/utils/history.js">
        <metrics statements="1" coveredstatements="1" conditionals="0" coveredconditionals="0" methods="0" coveredmethods="0"/>
        <line num="2" count="10" type="stmt"/>
      </file>
      <file name="injectReducer.js" path="/Users/mac/wednesday/react-template/app/utils/injectReducer.js">
        <metrics statements="9" coveredstatements="9" conditionals="3" coveredconditionals="3" methods="6" coveredmethods="6"/>
        <line num="14" count="4" type="stmt"/>
        <line num="25" count="2" type="stmt"/>
        <line num="27" count="2" type="stmt"/>
        <line num="31" count="2" type="stmt"/>
        <line num="35" count="4" type="stmt"/>
        <line num="38" count="2" type="stmt"/>
        <line num="39" count="4" type="stmt"/>
        <line num="40" count="4" type="stmt"/>
        <line num="41" count="3" type="stmt"/>
      </file>
      <file name="injectSaga.js" path="/Users/mac/wednesday/react-template/app/utils/injectSaga.js">
        <metrics statements="14" coveredstatements="14" conditionals="3" coveredconditionals="3" methods="8" coveredmethods="8"/>
        <line num="19" count="5" type="stmt"/>
        <line num="30" count="3" type="stmt"/>
        <line num="32" count="3" type="stmt"/>
        <line num="34" count="3" type="stmt"/>
        <line num="38" count="1" type="stmt"/>
        <line num="42" count="3" type="stmt"/>
        <line num="46" count="5" type="stmt"/>
        <line num="49" count="2" type="stmt"/>
        <line num="50" count="5" type="stmt"/>
        <line num="51" count="5" type="stmt"/>
        <line num="52" count="4" type="stmt"/>
        <line num="53" count="4" type="stmt"/>
        <line num="54" count="4" type="stmt"/>
        <line num="55" count="4" type="stmt"/>
      </file>
      <file name="loadable.js" path="/Users/mac/wednesday/react-template/app/utils/loadable.js">
        <metrics statements="4" coveredstatements="3" conditionals="2" coveredconditionals="1" methods="2" coveredmethods="1"/>
        <line num="3" count="1" type="cond" truecount="1" falsecount="1"/>
        <line num="4" count="2" type="stmt"/>
        <line num="6" count="2" type="stmt"/>
        <line num="7" count="0" type="stmt"/>
      </file>
      <file name="reducerInjectors.js" path="/Users/mac/wednesday/react-template/app/utils/reducerInjectors.js">
        <metrics statements="9" coveredstatements="9" conditionals="9" coveredconditionals="9" methods="3" coveredmethods="3"/>
        <line num="8" count="10" type="stmt"/>
        <line num="9" count="12" type="cond" truecount="2" falsecount="0"/>
        <line num="11" count="11" type="stmt"/>
        <line num="17" count="8" type="cond" truecount="2" falsecount="0"/>
        <line num="21" count="1" type="stmt"/>
        <line num="23" count="7" type="stmt"/>
        <line num="24" count="7" type="stmt"/>
        <line num="29" count="4" type="stmt"/>
        <line num="31" count="3" type="stmt"/>
      </file>
      <file name="sagaInjectors.js" path="/Users/mac/wednesday/react-template/app/utils/sagaInjectors.js">
        <metrics statements="32" coveredstatements="32" conditionals="31" coveredconditionals="31" methods="8" coveredmethods="8"/>
        <line num="7" count="3" type="stmt"/>
        <line num="9" count="3" type="stmt"/>
        <line num="10" count="40" type="stmt"/>
        <line num="15" count="3" type="stmt"/>
        <line num="16" count="26" type="stmt"/>
        <line num="18" count="26" type="cond" truecount="2" falsecount="0"/>
        <line num="20" count="26" type="stmt"/>
        <line num="27" count="23" type="cond" truecount="1" falsecount="0"/>
        <line num="28" count="29" type="cond" truecount="2" falsecount="0"/>
        <line num="30" count="28" type="stmt"/>
        <line num="34" count="28" type="stmt"/>
        <line num="36" count="28" type="stmt"/>
        <line num="37" count="26" type="stmt"/>
        <line num="39" count="22" type="stmt"/>
        <line num="41" count="22" type="cond" truecount="2" falsecount="0"/>
        <line num="42" count="18" type="stmt"/>
        <line num="44" count="18" type="cond" truecount="4" falsecount="0"/>
        <line num="45" count="1" type="stmt"/>
        <line num="46" count="1" type="stmt"/>
        <line num="50" count="22" type="cond" truecount="2" falsecount="0"/>
        <line num="55" count="17" type="stmt"/>
        <line num="65" count="23" type="stmt"/>
        <line num="66" count="13" type="cond" truecount="2" falsecount="0"/>
        <line num="68" count="12" type="stmt"/>
        <line num="70" count="10" type="cond" truecount="2" falsecount="0"/>
        <line num="71" count="9" type="stmt"/>
        <line num="72" count="9" type="cond" truecount="4" falsecount="0"/>
        <line num="73" count="3" type="stmt"/>
        <line num="75" count="3" type="cond" truecount="2" falsecount="0"/>
        <line num="77" count="2" type="stmt"/>
        <line num="85" count="4" type="stmt"/>
        <line num="86" count="3" type="stmt"/>
      </file>
      <file name="testUtils.js" path="/Users/mac/wednesday/react-template/app/utils/testUtils.js">
        <metrics statements="12" coveredstatements="12" conditionals="1" coveredconditionals="0" methods="6" coveredmethods="6"/>
        <line num="11" count="4" type="stmt"/>
        <line num="12" count="8" type="stmt"/>
        <line num="21" count="4" type="cond" truecount="0" falsecount="1"/>
        <line num="22" count="1" type="stmt"/>
        <line num="23" count="1" type="stmt"/>
        <line num="24" count="1" type="stmt"/>
        <line num="26" count="1" type="stmt"/>
        <line num="29" count="4" type="stmt"/>
        <line num="30" count="2" type="stmt"/>
        <line num="31" count="2" type="stmt"/>
        <line num="45" count="4" type="stmt"/>
        <line num="46" count="4" type="stmt"/>
      </file>
    </package>
  </project>
</coverage>
