{
  "/Users/chetangiri/Desktop/prod/react-template/app/configureStore.js": {
    "path": "/Users/chetangiri/Desktop/prod/react-template/app/configureStore.js",
    "statementMap": {
      "0": {
        "start": { "line": 11, "column": 25 },
        "end": { "line": 11, "column": 32 }
      },
      "1": {
        "start": { "line": 12, "column": 34 },
        "end": { "line": 12, "column": 36 }
      },
      "2": {
        "start": { "line": 30, "column": 25 },
        "end": { "line": 30, "column": 70 }
      },
      "3": {
        "start": { "line": 35, "column": 22 },
        "end": { "line": 35, "column": 65 }
      },
      "4": {
        "start": { "line": 37, "column": 20 },
        "end": { "line": 37, "column": 53 }
      },
      "5": {
        "start": { "line": 39, "column": 16 },
        "end": { "line": 43, "column": 3 }
      },
      "6": {
        "start": { "line": 46, "column": 2 },
        "end": { "line": 46, "column": 37 }
      },
      "7": {
        "start": { "line": 47, "column": 2 },
        "end": { "line": 47, "column": 30 }
      },
      "8": {
        "start": { "line": 48, "column": 2 },
        "end": { "line": 48, "column": 27 }
      },
      "9": {
        "start": { "line": 58, "column": 2 },
        "end": { "line": 58, "column": 15 }
      }
    },
    "fnMap": {
      "0": {
        "name": "configureStore",
        "decl": {
          "start": { "line": 10, "column": 24 },
          "end": { "line": 10, "column": 38 }
        },
        "loc": {
          "start": { "line": 10, "column": 67 },
          "end": { "line": 59, "column": 1 }
        },
        "line": 10
      }
    },
    "branchMap": {
      "0": {
        "loc": {
          "start": { "line": 10, "column": 39 },
          "end": { "line": 10, "column": 56 }
        },
        "type": "default-arg",
        "locations": [
          {
            "start": { "line": 10, "column": 54 },
            "end": { "line": 10, "column": 56 }
          }
        ],
        "line": 10
      }
    },
    "s": {
      "0": 44,
      "1": 44,
      "2": 44,
      "3": 44,
      "4": 44,
      "5": 44,
      "6": 44,
      "7": 44,
      "8": 44,
      "9": 44
    },
    "f": { "0": 44 },
    "b": { "0": [1] },
    "_coverageSchema": "43e27e138ebf9cfc5966b082cf9a028302ed4184",
    "hash": "7fb28b9e2685bbc0d2d0e8d8561e1892eff88b64"
  },
  "/Users/chetangiri/Desktop/prod/react-template/app/i18n.js": {
    "path": "/Users/chetangiri/Desktop/prod/react-template/app/i18n.js",
    "statementMap": {
      "0": {
        "start": { "line": 10, "column": 22 },
        "end": { "line": 10, "column": 57 }
      },
      "1": {
        "start": { "line": 11, "column": 21 },
        "end": { "line": 11, "column": 57 }
      },
      "2": {
        "start": { "line": 13, "column": 30 },
        "end": { "line": 13, "column": 63 }
      },
      "3": {
        "start": { "line": 15, "column": 0 },
        "end": { "line": 15, "column": 28 }
      },
      "4": {
        "start": { "line": 17, "column": 30 },
        "end": { "line": 17, "column": 34 }
      },
      "5": {
        "start": { "line": 20, "column": 26 },
        "end": { "line": 22, "column": 1 }
      },
      "6": {
        "start": { "line": 24, "column": 41 },
        "end": { "line": 37, "column": 1 }
      },
      "7": {
        "start": { "line": 26, "column": 4 },
        "end": { "line": 28, "column": 10 }
      },
      "8": {
        "start": { "line": 29, "column": 35 },
        "end": { "line": 35, "column": 3 }
      },
      "9": {
        "start": { "line": 31, "column": 6 },
        "end": { "line": 33, "column": 23 }
      },
      "10": {
        "start": { "line": 34, "column": 4 },
        "end": { "line": 34, "column": 73 }
      },
      "11": {
        "start": { "line": 36, "column": 2 },
        "end": { "line": 36, "column": 68 }
      },
      "12": {
        "start": { "line": 39, "column": 35 },
        "end": { "line": 41, "column": 1 }
      }
    },
    "fnMap": {
      "0": {
        "name": "(anonymous_0)",
        "decl": {
          "start": { "line": 24, "column": 41 },
          "end": { "line": 24, "column": 42 }
        },
        "loc": {
          "start": { "line": 24, "column": 63 },
          "end": { "line": 37, "column": 1 }
        },
        "line": 24
      },
      "1": {
        "name": "(anonymous_1)",
        "decl": {
          "start": { "line": 29, "column": 35 },
          "end": { "line": 29, "column": 36 }
        },
        "loc": {
          "start": { "line": 29, "column": 63 },
          "end": { "line": 35, "column": 3 }
        },
        "line": 29
      }
    },
    "branchMap": {
      "0": {
        "loc": {
          "start": { "line": 26, "column": 4 },
          "end": { "line": 28, "column": 10 }
        },
        "type": "cond-expr",
        "locations": [
          {
            "start": { "line": 27, "column": 8 },
            "end": { "line": 27, "column": 72 }
          },
          {
            "start": { "line": 28, "column": 8 },
            "end": { "line": 28, "column": 10 }
          }
        ],
        "line": 26
      },
      "1": {
        "loc": {
          "start": { "line": 31, "column": 6 },
          "end": { "line": 33, "column": 23 }
        },
        "type": "cond-expr",
        "locations": [
          {
            "start": { "line": 32, "column": 10 },
            "end": { "line": 32, "column": 39 }
          },
          {
            "start": { "line": 33, "column": 10 },
            "end": { "line": 33, "column": 23 }
          }
        ],
        "line": 31
      },
      "2": {
        "loc": {
          "start": { "line": 31, "column": 6 },
          "end": { "line": 31, "column": 49 }
        },
        "type": "binary-expr",
        "locations": [
          {
            "start": { "line": 31, "column": 6 },
            "end": { "line": 31, "column": 20 }
          },
          {
            "start": { "line": 31, "column": 24 },
            "end": { "line": 31, "column": 49 }
          }
        ],
        "line": 31
      }
    },
    "s": {
      "0": 13,
      "1": 13,
      "2": 13,
      "3": 13,
      "4": 13,
      "5": 13,
      "6": 13,
      "7": 16,
      "8": 16,
      "9": 103,
      "10": 103,
      "11": 16,
      "12": 13
    },
    "f": { "0": 16, "1": 103 },
    "b": { "0": [1, 15], "1": [1, 102], "2": [103, 1] },
    "_coverageSchema": "43e27e138ebf9cfc5966b082cf9a028302ed4184",
    "hash": "440c98994cd8ba81aeefea687b81d293a41af017"
  },
  "/Users/chetangiri/Desktop/prod/react-template/app/reducers.js": {
    "path": "/Users/chetangiri/Desktop/prod/react-template/app/reducers.js",
    "statementMap": {
      "0": {
        "start": { "line": 15, "column": 22 },
        "end": { "line": 19, "column": 4 }
      },
      "1": {
        "start": { "line": 21, "column": 2 },
        "end": { "line": 21, "column": 21 }
      }
    },
    "fnMap": {
      "0": {
        "name": "createReducer",
        "decl": {
          "start": { "line": 14, "column": 24 },
          "end": { "line": 14, "column": 37 }
        },
        "loc": {
          "start": { "line": 14, "column": 61 },
          "end": { "line": 22, "column": 1 }
        },
        "line": 14
      }
    },
    "branchMap": {
      "0": {
        "loc": {
          "start": { "line": 14, "column": 38 },
          "end": { "line": 14, "column": 59 }
        },
        "type": "default-arg",
        "locations": [
          {
            "start": { "line": 14, "column": 57 },
            "end": { "line": 14, "column": 59 }
          }
        ],
        "line": 14
      }
    },
    "s": { "0": 51, "1": 51 },
    "f": { "0": 51 },
    "b": { "0": [44] },
    "_coverageSchema": "43e27e138ebf9cfc5966b082cf9a028302ed4184",
    "hash": "cd3ac35eddad0221492d88fdeb43d731d89de1a3"
  },
  "/Users/chetangiri/Desktop/prod/react-template/app/routeConfig.js": {
    "path": "/Users/chetangiri/Desktop/prod/react-template/app/routeConfig.js",
    "statementMap": {
      "0": {
        "start": { "line": 4, "column": 27 },
        "end": { "line": 14, "column": 1 }
      }
    },
    "fnMap": {},
    "branchMap": {},
    "s": { "0": 1 },
    "f": {},
    "b": {},
    "_coverageSchema": "43e27e138ebf9cfc5966b082cf9a028302ed4184",
    "hash": "115dcc315641a355c1cafe615be5150338d3a060"
  },
  "/Users/chetangiri/Desktop/prod/react-template/app/components/Clickable/index.js": {
    "path": "/Users/chetangiri/Desktop/prod/react-template/app/components/Clickable/index.js",
    "statementMap": {
      "0": {
        "start": { "line": 12, "column": 24 },
        "end": { "line": 17, "column": 1 }
      },
      "1": {
        "start": { "line": 19, "column": 2 },
        "end": { "line": 23, "column": 4 }
      },
      "2": {
        "start": { "line": 26, "column": 0 },
        "end": { "line": 29, "column": 2 }
      }
    },
    "fnMap": {
      "0": {
        "name": "Clickable",
        "decl": {
          "start": { "line": 18, "column": 9 },
          "end": { "line": 18, "column": 18 }
        },
        "loc": {
          "start": { "line": 18, "column": 40 },
          "end": { "line": 24, "column": 1 }
        },
        "line": 18
      }
    },
    "branchMap": {
      "0": {
        "loc": {
          "start": { "line": 21, "column": 7 },
          "end": { "line": 21, "column": 34 }
        },
        "type": "binary-expr",
        "locations": [
          {
            "start": { "line": 21, "column": 7 },
            "end": { "line": 21, "column": 13 }
          },
          {
            "start": { "line": 21, "column": 17 },
            "end": { "line": 21, "column": 34 }
          }
        ],
        "line": 21
      }
    },
    "s": { "0": 2, "1": 7, "2": 2 },
    "f": { "0": 7 },
    "b": { "0": [7, 5] },
    "_coverageSchema": "43e27e138ebf9cfc5966b082cf9a028302ed4184",
    "hash": "3ddc56fe5ec3dbe0c5b1083a4ed3e4f8d15eb02c"
  },
  "/Users/chetangiri/Desktop/prod/react-template/app/components/Text/index.js": {
    "path": "/Users/chetangiri/Desktop/prod/react-template/app/components/Text/index.js",
    "statementMap": {
      "0": {
        "start": { "line": 12, "column": 19 },
        "end": { "line": 16, "column": 1 }
      },
      "1": {
        "start": { "line": 14, "column": 15 },
        "end": { "line": 14, "column": 78 }
      },
      "2": {
        "start": { "line": 17, "column": 20 },
        "end": { "line": 21, "column": 1 }
      },
      "3": {
        "start": { "line": 18, "column": 2 },
        "end": { "line": 20, "column": 15 }
      },
      "4": {
        "start": { "line": 23, "column": 0 },
        "end": { "line": 26, "column": 2 }
      },
      "5": {
        "start": { "line": 28, "column": 0 },
        "end": { "line": 30, "column": 2 }
      },
      "6": {
        "start": { "line": 32, "column": 22 },
        "end": { "line": 32, "column": 32 }
      }
    },
    "fnMap": {
      "0": {
        "name": "(anonymous_0)",
        "decl": {
          "start": { "line": 14, "column": 6 },
          "end": { "line": 14, "column": 7 }
        },
        "loc": {
          "start": { "line": 14, "column": 15 },
          "end": { "line": 14, "column": 78 }
        },
        "line": 14
      },
      "1": {
        "name": "(anonymous_1)",
        "decl": {
          "start": { "line": 17, "column": 20 },
          "end": { "line": 17, "column": 21 }
        },
        "loc": {
          "start": { "line": 18, "column": 2 },
          "end": { "line": 20, "column": 15 }
        },
        "line": 18
      }
    },
    "branchMap": {
      "0": {
        "loc": {
          "start": { "line": 14, "column": 15 },
          "end": { "line": 14, "column": 78 }
        },
        "type": "binary-expr",
        "locations": [
          {
            "start": { "line": 14, "column": 15 },
            "end": { "line": 14, "column": 33 }
          },
          {
            "start": { "line": 14, "column": 37 },
            "end": { "line": 14, "column": 78 }
          }
        ],
        "line": 14
      },
      "1": {
        "loc": {
          "start": { "line": 19, "column": 5 },
          "end": { "line": 19, "column": 39 }
        },
        "type": "binary-expr",
        "locations": [
          {
            "start": { "line": 19, "column": 5 },
            "end": { "line": 19, "column": 7 }
          },
          {
            "start": { "line": 19, "column": 11 },
            "end": { "line": 19, "column": 39 }
          }
        ],
        "line": 19
      }
    },
    "s": { "0": 3, "1": 10, "2": 3, "3": 11, "4": 3, "5": 3, "6": 3 },
    "f": { "0": 10, "1": 11 },
    "b": { "0": [10, 3], "1": [11, 11] },
    "_coverageSchema": "43e27e138ebf9cfc5966b082cf9a028302ed4184",
    "hash": "025d8accaf822a4e040e880358c23a8327919152"
  },
  "/Users/chetangiri/Desktop/prod/react-template/app/containers/App/index.js": {
    "path": "/Users/chetangiri/Desktop/prod/react-template/app/containers/App/index.js",
    "statementMap": {
      "0": {
        "start": { "line": 20, "column": 14 },
        "end": { "line": 23, "column": 1 }
      },
      "1": {
        "start": { "line": 26, "column": 2 },
        "end": { "line": 42, "column": 4 }
      },
      "2": {
        "start": { "line": 31, "column": 12 },
        "end": { "line": 36, "column": 14 }
      },
      "3": {
        "start": { "line": 44, "column": 0 },
        "end": { "line": 46, "column": 2 }
      }
    },
    "fnMap": {
      "0": {
        "name": "App",
        "decl": {
          "start": { "line": 25, "column": 9 },
          "end": { "line": 25, "column": 12 }
        },
        "loc": {
          "start": { "line": 25, "column": 27 },
          "end": { "line": 43, "column": 1 }
        },
        "line": 25
      },
      "1": {
        "name": "(anonymous_1)",
        "decl": {
          "start": { "line": 30, "column": 43 },
          "end": { "line": 30, "column": 44 }
        },
        "loc": {
          "start": { "line": 31, "column": 12 },
          "end": { "line": 36, "column": 14 }
        },
        "line": 31
      }
    },
    "branchMap": {},
    "s": { "0": 1, "1": 0, "2": 0, "3": 1 },
    "f": { "0": 0, "1": 0 },
    "b": {},
    "_coverageSchema": "43e27e138ebf9cfc5966b082cf9a028302ed4184",
    "hash": "f183b982608a33a6bda65aadb12a0d0f3b02664c"
  },
  "/Users/chetangiri/Desktop/prod/react-template/app/containers/App/selectors.js": {
    "path": "/Users/chetangiri/Desktop/prod/react-template/app/containers/App/selectors.js",
    "statementMap": {
      "0": {
        "start": { "line": 3, "column": 21 },
        "end": { "line": 3, "column": 42 }
      },
      "1": {
        "start": { "line": 3, "column": 30 },
        "end": { "line": 3, "column": 42 }
      },
      "2": {
        "start": { "line": 5, "column": 27 },
        "end": { "line": 9, "column": 3 }
      },
      "3": {
        "start": { "line": 6, "column": 2 },
        "end": { "line": 9, "column": 3 }
      },
      "4": {
        "start": { "line": 8, "column": 19 },
        "end": { "line": 8, "column": 39 }
      }
    },
    "fnMap": {
      "0": {
        "name": "(anonymous_0)",
        "decl": {
          "start": { "line": 3, "column": 21 },
          "end": { "line": 3, "column": 22 }
        },
        "loc": {
          "start": { "line": 3, "column": 30 },
          "end": { "line": 3, "column": 42 }
        },
        "line": 3
      },
      "1": {
        "name": "(anonymous_1)",
        "decl": {
          "start": { "line": 5, "column": 27 },
          "end": { "line": 5, "column": 28 }
        },
        "loc": {
          "start": { "line": 6, "column": 2 },
          "end": { "line": 9, "column": 3 }
        },
        "line": 6
      },
      "2": {
        "name": "(anonymous_2)",
        "decl": {
          "start": { "line": 8, "column": 4 },
          "end": { "line": 8, "column": 5 }
        },
        "loc": {
          "start": { "line": 8, "column": 19 },
          "end": { "line": 8, "column": 39 }
        },
        "line": 8
      }
    },
    "branchMap": {},
    "s": { "0": 1, "1": 1, "2": 1, "3": 1, "4": 1 },
    "f": { "0": 1, "1": 1, "2": 1 },
    "b": {},
    "_coverageSchema": "43e27e138ebf9cfc5966b082cf9a028302ed4184",
    "hash": "baa6c62f6bcbfe3befb8cf350c6ca09b0e36acb1"
  },
  "/Users/chetangiri/Desktop/prod/react-template/app/containers/HomeContainer/index.js": {
    "path": "/Users/chetangiri/Desktop/prod/react-template/app/containers/HomeContainer/index.js",
    "statementMap": {
      "0": {
        "start": { "line": 30, "column": 19 },
        "end": { "line": 30, "column": 24 }
      },
      "1": {
        "start": { "line": 32, "column": 19 },
        "end": { "line": 39, "column": 1 }
      },
      "2": {
        "start": { "line": 35, "column": 26 },
        "end": { "line": 35, "column": 40 }
      },
      "3": {
        "start": { "line": 36, "column": 22 },
        "end": { "line": 36, "column": 33 }
      },
      "4": {
        "start": { "line": 37, "column": 15 },
        "end": { "line": 37, "column": 53 }
      },
      "5": {
        "start": { "line": 40, "column": 18 },
        "end": { "line": 49, "column": 1 }
      },
      "6": {
        "start": { "line": 50, "column": 21 },
        "end": { "line": 53, "column": 1 }
      },
      "7": {
        "start": { "line": 62, "column": 2 },
        "end": { "line": 62, "column": 54 }
      },
      "8": {
        "start": { "line": 63, "column": 2 },
        "end": { "line": 63, "column": 48 }
      },
      "9": {
        "start": { "line": 64, "column": 32 },
        "end": { "line": 64, "column": 47 }
      },
      "10": {
        "start": { "line": 65, "column": 2 },
        "end": { "line": 72, "column": 5 }
      },
      "11": {
        "start": { "line": 68, "column": 19 },
        "end": { "line": 68, "column": 64 }
      },
      "12": {
        "start": { "line": 69, "column": 4 },
        "end": { "line": 71, "column": 5 }
      },
      "13": {
        "start": { "line": 70, "column": 6 },
        "end": { "line": 70, "column": 24 }
      },
      "14": {
        "start": { "line": 74, "column": 25 },
        "end": { "line": 79, "column": 3 }
      },
      "15": {
        "start": { "line": 75, "column": 4 },
        "end": { "line": 78, "column": 5 }
      },
      "16": {
        "start": { "line": 76, "column": 6 },
        "end": { "line": 76, "column": 32 }
      },
      "17": {
        "start": { "line": 77, "column": 6 },
        "end": { "line": 77, "column": 23 }
      },
      "18": {
        "start": { "line": 80, "column": 34 },
        "end": { "line": 80, "column": 65 }
      },
      "19": {
        "start": { "line": 82, "column": 25 },
        "end": { "line": 110, "column": 3 }
      },
      "20": {
        "start": { "line": 83, "column": 18 },
        "end": { "line": 83, "column": 47 }
      },
      "21": {
        "start": { "line": 84, "column": 23 },
        "end": { "line": 84, "column": 56 }
      },
      "22": {
        "start": { "line": 85, "column": 4 },
        "end": { "line": 109, "column": 6 }
      },
      "23": {
        "start": { "line": 100, "column": 14 },
        "end": { "line": 104, "column": 27 }
      },
      "24": {
        "start": { "line": 111, "column": 27 },
        "end": { "line": 129, "column": 3 }
      },
      "25": {
        "start": { "line": 113, "column": 4 },
        "end": { "line": 117, "column": 5 }
      },
      "26": {
        "start": { "line": 114, "column": 6 },
        "end": { "line": 114, "column": 29 }
      },
      "27": {
        "start": { "line": 115, "column": 11 },
        "end": { "line": 117, "column": 5 }
      },
      "28": {
        "start": { "line": 116, "column": 6 },
        "end": { "line": 116, "column": 41 }
      },
      "29": {
        "start": { "line": 118, "column": 4 },
        "end": { "line": 128, "column": 6 }
      },
      "30": {
        "start": { "line": 130, "column": 22 },
        "end": { "line": 133, "column": 3 }
      },
      "31": {
        "start": { "line": 131, "column": 4 },
        "end": { "line": 131, "column": 28 }
      },
      "32": {
        "start": { "line": 132, "column": 4 },
        "end": { "line": 132, "column": 29 }
      },
      "33": {
        "start": { "line": 134, "column": 2 },
        "end": { "line": 155, "column": 4 }
      },
      "34": {
        "start": { "line": 148, "column": 27 },
        "end": { "line": 148, "column": 68 }
      },
      "35": {
        "start": { "line": 149, "column": 34 },
        "end": { "line": 149, "column": 69 }
      },
      "36": {
        "start": { "line": 158, "column": 0 },
        "end": { "line": 169, "column": 2 }
      },
      "37": {
        "start": { "line": 171, "column": 24 },
        "end": { "line": 176, "column": 2 }
      },
      "38": {
        "start": { "line": 179, "column": 36 },
        "end": { "line": 179, "column": 57 }
      },
      "39": {
        "start": { "line": 180, "column": 2 },
        "end": { "line": 182, "column": 4 }
      },
      "40": {
        "start": { "line": 181, "column": 36 },
        "end": { "line": 181, "column": 77 }
      },
      "41": {
        "start": { "line": 185, "column": 20 },
        "end": { "line": 188, "column": 1 }
      },
      "42": {
        "start": { "line": 197, "column": 33 },
        "end": { "line": 197, "column": 67 }
      }
    },
    "fnMap": {
      "0": {
        "name": "(anonymous_0)",
        "decl": {
          "start": { "line": 35, "column": 17 },
          "end": { "line": 35, "column": 18 }
        },
        "loc": {
          "start": { "line": 35, "column": 26 },
          "end": { "line": 35, "column": 40 }
        },
        "line": 35
      },
      "1": {
        "name": "(anonymous_1)",
        "decl": {
          "start": { "line": 36, "column": 13 },
          "end": { "line": 36, "column": 14 }
        },
        "loc": {
          "start": { "line": 36, "column": 22 },
          "end": { "line": 36, "column": 33 }
        },
        "line": 36
      },
      "2": {
        "name": "(anonymous_2)",
        "decl": {
          "start": { "line": 37, "column": 6 },
          "end": { "line": 37, "column": 7 }
        },
        "loc": {
          "start": { "line": 37, "column": 15 },
          "end": { "line": 37, "column": 53 }
        },
        "line": 37
      },
      "3": {
        "name": "HomeContainer",
        "decl": {
          "start": { "line": 54, "column": 16 },
          "end": { "line": 54, "column": 29 }
        },
        "loc": {
          "start": { "line": 61, "column": 3 },
          "end": { "line": 156, "column": 1 }
        },
        "line": 61
      },
      "4": {
        "name": "(anonymous_4)",
        "decl": {
          "start": { "line": 65, "column": 12 },
          "end": { "line": 65, "column": 13 }
        },
        "loc": {
          "start": { "line": 65, "column": 18 },
          "end": { "line": 72, "column": 3 }
        },
        "line": 65
      },
      "5": {
        "name": "(anonymous_5)",
        "decl": {
          "start": { "line": 74, "column": 25 },
          "end": { "line": 74, "column": 26 }
        },
        "loc": {
          "start": { "line": 74, "column": 34 },
          "end": { "line": 79, "column": 3 }
        },
        "line": 74
      },
      "6": {
        "name": "(anonymous_6)",
        "decl": {
          "start": { "line": 82, "column": 25 },
          "end": { "line": 82, "column": 26 }
        },
        "loc": {
          "start": { "line": 82, "column": 31 },
          "end": { "line": 110, "column": 3 }
        },
        "line": 82
      },
      "7": {
        "name": "(anonymous_7)",
        "decl": {
          "start": { "line": 99, "column": 23 },
          "end": { "line": 99, "column": 24 }
        },
        "loc": {
          "start": { "line": 100, "column": 14 },
          "end": { "line": 104, "column": 27 }
        },
        "line": 100
      },
      "8": {
        "name": "(anonymous_8)",
        "decl": {
          "start": { "line": 111, "column": 27 },
          "end": { "line": 111, "column": 28 }
        },
        "loc": {
          "start": { "line": 111, "column": 33 },
          "end": { "line": 129, "column": 3 }
        },
        "line": 111
      },
      "9": {
        "name": "(anonymous_9)",
        "decl": {
          "start": { "line": 130, "column": 22 },
          "end": { "line": 130, "column": 23 }
        },
        "loc": {
          "start": { "line": 130, "column": 28 },
          "end": { "line": 133, "column": 3 }
        },
        "line": 130
      },
      "10": {
        "name": "(anonymous_10)",
        "decl": {
          "start": { "line": 148, "column": 20 },
          "end": { "line": 148, "column": 21 }
        },
        "loc": {
          "start": { "line": 148, "column": 27 },
          "end": { "line": 148, "column": 68 }
        },
        "line": 148
      },
      "11": {
        "name": "(anonymous_11)",
        "decl": {
          "start": { "line": 149, "column": 20 },
          "end": { "line": 149, "column": 21 }
        },
        "loc": {
          "start": { "line": 149, "column": 34 },
          "end": { "line": 149, "column": 69 }
        },
        "line": 149
      },
      "12": {
        "name": "mapDispatchToProps",
        "decl": {
          "start": { "line": 178, "column": 9 },
          "end": { "line": 178, "column": 27 }
        },
        "loc": {
          "start": { "line": 178, "column": 38 },
          "end": { "line": 183, "column": 1 }
        },
        "line": 178
      },
      "13": {
        "name": "(anonymous_13)",
        "decl": {
          "start": { "line": 181, "column": 24 },
          "end": { "line": 181, "column": 25 }
        },
        "loc": {
          "start": { "line": 181, "column": 36 },
          "end": { "line": 181, "column": 77 }
        },
        "line": 181
      }
    },
    "branchMap": {
      "0": {
        "loc": {
          "start": { "line": 37, "column": 15 },
          "end": { "line": 37, "column": 53 }
        },
        "type": "binary-expr",
        "locations": [
          {
            "start": { "line": 37, "column": 15 },
            "end": { "line": 37, "column": 26 }
          },
          {
            "start": { "line": 37, "column": 30 },
            "end": { "line": 37, "column": 53 }
          }
        ],
        "line": 37
      },
      "1": {
        "loc": {
          "start": { "line": 57, "column": 2 },
          "end": { "line": 57, "column": 16 }
        },
        "type": "default-arg",
        "locations": [
          {
            "start": { "line": 57, "column": 14 },
            "end": { "line": 57, "column": 16 }
          }
        ],
        "line": 57
      },
      "2": {
        "loc": {
          "start": { "line": 58, "column": 2 },
          "end": { "line": 58, "column": 19 }
        },
        "type": "default-arg",
        "locations": [
          {
            "start": { "line": 58, "column": 15 },
            "end": { "line": 58, "column": 19 }
          }
        ],
        "line": 58
      },
      "3": {
        "loc": {
          "start": { "line": 68, "column": 19 },
          "end": { "line": 68, "column": 64 }
        },
        "type": "binary-expr",
        "locations": [
          {
            "start": { "line": 68, "column": 19 },
            "end": { "line": 68, "column": 50 }
          },
          {
            "start": { "line": 68, "column": 54 },
            "end": { "line": 68, "column": 64 }
          }
        ],
        "line": 68
      },
      "4": {
        "loc": {
          "start": { "line": 69, "column": 4 },
          "end": { "line": 71, "column": 5 }
        },
        "type": "if",
        "locations": [
          {
            "start": { "line": 69, "column": 4 },
            "end": { "line": 71, "column": 5 }
          },
          {
            "start": { "line": 69, "column": 4 },
            "end": { "line": 71, "column": 5 }
          }
        ],
        "line": 69
      },
      "5": {
        "loc": {
          "start": { "line": 69, "column": 8 },
          "end": { "line": 69, "column": 25 }
        },
        "type": "binary-expr",
        "locations": [
          {
            "start": { "line": 69, "column": 8 },
            "end": { "line": 69, "column": 15 }
          },
          {
            "start": { "line": 69, "column": 19 },
            "end": { "line": 69, "column": 25 }
          }
        ],
        "line": 69
      },
      "6": {
        "loc": {
          "start": { "line": 75, "column": 4 },
          "end": { "line": 78, "column": 5 }
        },
        "type": "if",
        "locations": [
          {
            "start": { "line": 75, "column": 4 },
            "end": { "line": 78, "column": 5 }
          },
          {
            "start": { "line": 75, "column": 4 },
            "end": { "line": 78, "column": 5 }
          }
        ],
        "line": 75
      },
      "7": {
        "loc": {
          "start": { "line": 86, "column": 6 },
          "end": { "line": 108, "column": 7 }
        },
        "type": "binary-expr",
        "locations": [
          {
            "start": { "line": 86, "column": 7 },
            "end": { "line": 86, "column": 25 }
          },
          {
            "start": { "line": 86, "column": 29 },
            "end": { "line": 86, "column": 36 }
          },
          {
            "start": { "line": 87, "column": 8 },
            "end": { "line": 107, "column": 21 }
          }
        ],
        "line": 86
      },
      "8": {
        "loc": {
          "start": { "line": 89, "column": 13 },
          "end": { "line": 93, "column": 13 }
        },
        "type": "binary-expr",
        "locations": [
          {
            "start": { "line": 89, "column": 13 },
            "end": { "line": 89, "column": 21 }
          },
          {
            "start": { "line": 90, "column": 14 },
            "end": { "line": 92, "column": 20 }
          }
        ],
        "line": 89
      },
      "9": {
        "loc": {
          "start": { "line": 94, "column": 13 },
          "end": { "line": 98, "column": 13 }
        },
        "type": "binary-expr",
        "locations": [
          {
            "start": { "line": 94, "column": 13 },
            "end": { "line": 94, "column": 29 }
          },
          {
            "start": { "line": 95, "column": 14 },
            "end": { "line": 97, "column": 20 }
          }
        ],
        "line": 94
      },
      "10": {
        "loc": {
          "start": { "line": 113, "column": 4 },
          "end": { "line": 117, "column": 5 }
        },
        "type": "if",
        "locations": [
          {
            "start": { "line": 113, "column": 4 },
            "end": { "line": 117, "column": 5 }
          },
          {
            "start": { "line": 113, "column": 4 },
            "end": { "line": 117, "column": 5 }
          }
        ],
        "line": 113
      },
      "11": {
        "loc": {
          "start": { "line": 115, "column": 11 },
          "end": { "line": 117, "column": 5 }
        },
        "type": "if",
        "locations": [
          {
            "start": { "line": 115, "column": 11 },
            "end": { "line": 117, "column": 5 }
          },
          {
            "start": { "line": 115, "column": 11 },
            "end": { "line": 117, "column": 5 }
          }
        ],
        "line": 115
      },
      "12": {
        "loc": {
          "start": { "line": 119, "column": 6 },
          "end": { "line": 127, "column": 7 }
        },
        "type": "binary-expr",
        "locations": [
          {
            "start": { "line": 119, "column": 6 },
            "end": { "line": 119, "column": 14 }
          },
          {
            "start": { "line": 120, "column": 6 },
            "end": { "line": 120, "column": 15 }
          },
          {
            "start": { "line": 121, "column": 8 },
            "end": { "line": 126, "column": 21 }
          }
        ],
        "line": 119
      },
      "13": {
        "loc": {
          "start": { "line": 122, "column": 17 },
          "end": { "line": 122, "column": 44 }
        },
        "type": "cond-expr",
        "locations": [
          {
            "start": { "line": 122, "column": 30 },
            "end": { "line": 122, "column": 35 }
          },
          {
            "start": { "line": 122, "column": 38 },
            "end": { "line": 122, "column": 44 }
          }
        ],
        "line": 122
      }
    },
    "s": {
      "0": 1,
      "1": 1,
      "2": 6,
      "3": 6,
      "4": 6,
      "5": 1,
      "6": 1,
      "7": 3,
      "8": 3,
      "9": 3,
      "10": 3,
      "11": 3,
      "12": 3,
      "13": 0,
      "14": 3,
      "15": 1,
      "16": 1,
      "17": 1,
      "18": 3,
      "19": 3,
      "20": 3,
      "21": 3,
      "22": 3,
      "23": 0,
      "24": 3,
      "25": 3,
      "26": 0,
      "27": 3,
      "28": 3,
      "29": 3,
      "30": 3,
      "31": 0,
      "32": 0,
      "33": 3,
      "34": 1,
      "35": 0,
      "36": 1,
      "37": 1,
      "38": 0,
      "39": 0,
      "40": 0,
      "41": 1,
      "42": 1
    },
    "f": {
      "0": 6,
      "1": 6,
      "2": 6,
      "3": 3,
      "4": 3,
      "5": 1,
      "6": 3,
      "7": 0,
      "8": 3,
      "9": 0,
      "10": 1,
      "11": 0,
      "12": 0,
      "13": 0
    },
    "b": {
      "0": [6, 2],
      "1": [3],
      "2": [3],
      "3": [3, 3],
      "4": [0, 3],
      "5": [3, 1],
      "6": [1, 0],
      "7": [3, 3, 1],
      "8": [1, 0],
      "9": [1, 0],
      "10": [0, 3],
      "11": [3, 0],
      "12": [3, 2, 2],
      "13": [0, 2]
    },
    "_coverageSchema": "43e27e138ebf9cfc5966b082cf9a028302ed4184",
    "hash": "7c74f7ae9e790fc6dbccbb0bc58f3872faa16487"
  },
  "/Users/chetangiri/Desktop/prod/react-template/app/containers/HomeContainer/reducer.js": {
    "path": "/Users/chetangiri/Desktop/prod/react-template/app/containers/HomeContainer/reducer.js",
    "statementMap": {
      "0": {
        "start": { "line": 14, "column": 4 },
        "end": { "line": 18, "column": 2 }
      },
      "1": {
        "start": { "line": 19, "column": 28 },
        "end": { "line": 19, "column": 38 }
      },
      "2": {
        "start": { "line": 22, "column": 36 },
        "end": { "line": 36, "column": 4 }
      },
      "3": {
        "start": { "line": 23, "column": 2 },
        "end": { "line": 36, "column": 4 }
      },
      "4": {
        "start": { "line": 24, "column": 4 },
        "end": { "line": 34, "column": 5 }
      },
      "5": {
        "start": { "line": 26, "column": 8 },
        "end": { "line": 26, "column": 61 }
      },
      "6": {
        "start": { "line": 28, "column": 8 },
        "end": { "line": 28, "column": 51 }
      },
      "7": {
        "start": { "line": 30, "column": 8 },
        "end": { "line": 33, "column": 10 }
      },
      "8": {
        "start": { "line": 35, "column": 4 },
        "end": { "line": 35, "column": 17 }
      }
    },
    "fnMap": {
      "0": {
        "name": "(anonymous_0)",
        "decl": {
          "start": { "line": 22, "column": 36 },
          "end": { "line": 22, "column": 37 }
        },
        "loc": {
          "start": { "line": 23, "column": 2 },
          "end": { "line": 36, "column": 4 }
        },
        "line": 23
      },
      "1": {
        "name": "(anonymous_1)",
        "decl": {
          "start": { "line": 23, "column": 17 },
          "end": { "line": 23, "column": 18 }
        },
        "loc": {
          "start": { "line": 23, "column": 34 },
          "end": { "line": 36, "column": 3 }
        },
        "line": 23
      }
    },
    "branchMap": {
      "0": {
        "loc": {
          "start": { "line": 22, "column": 37 },
          "end": { "line": 22, "column": 57 }
        },
        "type": "default-arg",
        "locations": [
          {
            "start": { "line": 22, "column": 45 },
            "end": { "line": 22, "column": 57 }
          }
        ],
        "line": 22
      },
      "1": {
        "loc": {
          "start": { "line": 24, "column": 4 },
          "end": { "line": 34, "column": 5 }
        },
        "type": "switch",
        "locations": [
          {
            "start": { "line": 25, "column": 6 },
            "end": { "line": 26, "column": 61 }
          },
          {
            "start": { "line": 27, "column": 6 },
            "end": { "line": 28, "column": 51 }
          },
          {
            "start": { "line": 29, "column": 6 },
            "end": { "line": 33, "column": 10 }
          }
        ],
        "line": 24
      }
    },
    "s": {
      "0": 5,
      "1": 5,
      "2": 5,
      "3": 10,
      "4": 10,
      "5": 1,
      "6": 1,
      "7": 1,
      "8": 7
    },
    "f": { "0": 10, "1": 10 },
    "b": { "0": [7], "1": [1, 1, 1] },
    "_coverageSchema": "43e27e138ebf9cfc5966b082cf9a028302ed4184",
    "hash": "c3a01c15ef721e4f0646b54efc99d5ea56fdc919"
  },
  "/Users/chetangiri/Desktop/prod/react-template/app/containers/HomeContainer/saga.js": {
    "path": "/Users/chetangiri/Desktop/prod/react-template/app/containers/HomeContainer/saga.js",
    "statementMap": {
      "0": {
        "start": { "line": 5, "column": 37 },
        "end": { "line": 5, "column": 55 }
      },
      "1": {
        "start": { "line": 6, "column": 57 },
        "end": { "line": 6, "column": 78 }
      },
      "2": {
        "start": { "line": 8, "column": 19 },
        "end": { "line": 8, "column": 56 }
      },
      "3": {
        "start": { "line": 9, "column": 23 },
        "end": { "line": 9, "column": 31 }
      },
      "4": {
        "start": { "line": 10, "column": 2 },
        "end": { "line": 14, "column": 3 }
      },
      "5": {
        "start": { "line": 11, "column": 4 },
        "end": { "line": 11, "column": 43 }
      },
      "6": {
        "start": { "line": 13, "column": 4 },
        "end": { "line": 13, "column": 43 }
      },
      "7": {
        "start": { "line": 18, "column": 2 },
        "end": { "line": 18, "column": 61 }
      }
    },
    "fnMap": {
      "0": {
        "name": "getGithubRepos",
        "decl": {
          "start": { "line": 7, "column": 17 },
          "end": { "line": 7, "column": 31 }
        },
        "loc": {
          "start": { "line": 7, "column": 40 },
          "end": { "line": 15, "column": 1 }
        },
        "line": 7
      },
      "1": {
        "name": "homeContainerSaga",
        "decl": {
          "start": { "line": 17, "column": 25 },
          "end": { "line": 17, "column": 42 }
        },
        "loc": {
          "start": { "line": 17, "column": 45 },
          "end": { "line": 19, "column": 1 }
        },
        "line": 17
      }
    },
    "branchMap": {
      "0": {
        "loc": {
          "start": { "line": 10, "column": 2 },
          "end": { "line": 14, "column": 3 }
        },
        "type": "if",
        "locations": [
          {
            "start": { "line": 10, "column": 2 },
            "end": { "line": 14, "column": 3 }
          },
          {
            "start": { "line": 10, "column": 2 },
            "end": { "line": 14, "column": 3 }
          }
        ],
        "line": 10
      }
    },
    "s": { "0": 2, "1": 2, "2": 2, "3": 2, "4": 2, "5": 1, "6": 1, "7": 3 },
    "f": { "0": 2, "1": 3 },
    "b": { "0": [1, 1] },
    "_coverageSchema": "43e27e138ebf9cfc5966b082cf9a028302ed4184",
    "hash": "9187362598292eddb3bd86bb7284b566b1b16bc7"
  },
  "/Users/chetangiri/Desktop/prod/react-template/app/containers/HomeContainer/selectors.js": {
    "path": "/Users/chetangiri/Desktop/prod/react-template/app/containers/HomeContainer/selectors.js",
    "statementMap": {
      "0": {
        "start": { "line": 9, "column": 34 },
        "end": { "line": 10, "column": 46 }
      },
      "1": {
        "start": { "line": 10, "column": 2 },
        "end": { "line": 10, "column": 46 }
      },
      "2": {
        "start": { "line": 20, "column": 35 },
        "end": { "line": 24, "column": 3 }
      },
      "3": {
        "start": { "line": 21, "column": 2 },
        "end": { "line": 24, "column": 3 }
      },
      "4": {
        "start": { "line": 23, "column": 16 },
        "end": { "line": 23, "column": 24 }
      },
      "5": {
        "start": { "line": 26, "column": 31 },
        "end": { "line": 30, "column": 3 }
      },
      "6": {
        "start": { "line": 27, "column": 2 },
        "end": { "line": 30, "column": 3 }
      },
      "7": {
        "start": { "line": 29, "column": 16 },
        "end": { "line": 29, "column": 50 }
      },
      "8": {
        "start": { "line": 32, "column": 32 },
        "end": { "line": 36, "column": 3 }
      },
      "9": {
        "start": { "line": 33, "column": 2 },
        "end": { "line": 36, "column": 3 }
      },
      "10": {
        "start": { "line": 35, "column": 16 },
        "end": { "line": 35, "column": 51 }
      },
      "11": {
        "start": { "line": 38, "column": 30 },
        "end": { "line": 42, "column": 3 }
      },
      "12": {
        "start": { "line": 39, "column": 2 },
        "end": { "line": 42, "column": 3 }
      },
      "13": {
        "start": { "line": 41, "column": 16 },
        "end": { "line": 41, "column": 49 }
      }
    },
    "fnMap": {
      "0": {
        "name": "(anonymous_0)",
        "decl": {
          "start": { "line": 9, "column": 34 },
          "end": { "line": 9, "column": 35 }
        },
        "loc": {
          "start": { "line": 10, "column": 2 },
          "end": { "line": 10, "column": 46 }
        },
        "line": 10
      },
      "1": {
        "name": "(anonymous_1)",
        "decl": {
          "start": { "line": 20, "column": 35 },
          "end": { "line": 20, "column": 36 }
        },
        "loc": {
          "start": { "line": 21, "column": 2 },
          "end": { "line": 24, "column": 3 }
        },
        "line": 21
      },
      "2": {
        "name": "(anonymous_2)",
        "decl": {
          "start": { "line": 23, "column": 4 },
          "end": { "line": 23, "column": 5 }
        },
        "loc": {
          "start": { "line": 23, "column": 16 },
          "end": { "line": 23, "column": 24 }
        },
        "line": 23
      },
      "3": {
        "name": "(anonymous_3)",
        "decl": {
          "start": { "line": 26, "column": 31 },
          "end": { "line": 26, "column": 32 }
        },
        "loc": {
          "start": { "line": 27, "column": 2 },
          "end": { "line": 30, "column": 3 }
        },
        "line": 27
      },
      "4": {
        "name": "(anonymous_4)",
        "decl": {
          "start": { "line": 29, "column": 4 },
          "end": { "line": 29, "column": 5 }
        },
        "loc": {
          "start": { "line": 29, "column": 16 },
          "end": { "line": 29, "column": 50 }
        },
        "line": 29
      },
      "5": {
        "name": "(anonymous_5)",
        "decl": {
          "start": { "line": 32, "column": 32 },
          "end": { "line": 32, "column": 33 }
        },
        "loc": {
          "start": { "line": 33, "column": 2 },
          "end": { "line": 36, "column": 3 }
        },
        "line": 33
      },
      "6": {
        "name": "(anonymous_6)",
        "decl": {
          "start": { "line": 35, "column": 4 },
          "end": { "line": 35, "column": 5 }
        },
        "loc": {
          "start": { "line": 35, "column": 16 },
          "end": { "line": 35, "column": 51 }
        },
        "line": 35
      },
      "7": {
        "name": "(anonymous_7)",
        "decl": {
          "start": { "line": 38, "column": 30 },
          "end": { "line": 38, "column": 31 }
        },
        "loc": {
          "start": { "line": 39, "column": 2 },
          "end": { "line": 42, "column": 3 }
        },
        "line": 39
      },
      "8": {
        "name": "(anonymous_8)",
        "decl": {
          "start": { "line": 41, "column": 4 },
          "end": { "line": 41, "column": 5 }
        },
        "loc": {
          "start": { "line": 41, "column": 16 },
          "end": { "line": 41, "column": 49 }
        },
        "line": 41
      }
    },
    "branchMap": {
      "0": {
        "loc": {
          "start": { "line": 10, "column": 3 },
          "end": { "line": 10, "column": 38 }
        },
        "type": "binary-expr",
        "locations": [
          {
            "start": { "line": 10, "column": 3 },
            "end": { "line": 10, "column": 22 }
          },
          {
            "start": { "line": 10, "column": 26 },
            "end": { "line": 10, "column": 38 }
          }
        ],
        "line": 10
      }
    },
    "s": {
      "0": 2,
      "1": 4,
      "2": 2,
      "3": 2,
      "4": 1,
      "5": 2,
      "6": 2,
      "7": 1,
      "8": 2,
      "9": 2,
      "10": 1,
      "11": 2,
      "12": 2,
      "13": 1
    },
    "f": {
      "0": 4,
      "1": 2,
      "2": 1,
      "3": 2,
      "4": 1,
      "5": 2,
      "6": 1,
      "7": 2,
      "8": 1
    },
    "b": { "0": [4, 0] },
    "_coverageSchema": "43e27e138ebf9cfc5966b082cf9a028302ed4184",
    "hash": "e91b7c33cfa9996d05ee8ede0909aad5fc89edd0"
  },
  "/Users/chetangiri/Desktop/prod/react-template/app/containers/LanguageProvider/index.js": {
    "path": "/Users/chetangiri/Desktop/prod/react-template/app/containers/LanguageProvider/index.js",
    "statementMap": {
      "0": {
        "start": { "line": 18, "column": 2 },
        "end": { "line": 26, "column": 4 }
      },
      "1": {
        "start": { "line": 29, "column": 0 },
        "end": { "line": 33, "column": 2 }
      },
      "2": {
        "start": { "line": 35, "column": 24 },
        "end": { "line": 40, "column": 1 }
      },
      "3": {
        "start": { "line": 37, "column": 13 },
        "end": { "line": 39, "column": 3 }
      },
      "4": {
        "start": { "line": 43, "column": 2 },
        "end": { "line": 45, "column": 4 }
      }
    },
    "fnMap": {
      "0": {
        "name": "LanguageProvider",
        "decl": {
          "start": { "line": 17, "column": 16 },
          "end": { "line": 17, "column": 32 }
        },
        "loc": {
          "start": { "line": 17, "column": 40 },
          "end": { "line": 27, "column": 1 }
        },
        "line": 17
      },
      "1": {
        "name": "(anonymous_1)",
        "decl": {
          "start": { "line": 37, "column": 2 },
          "end": { "line": 37, "column": 3 }
        },
        "loc": {
          "start": { "line": 37, "column": 13 },
          "end": { "line": 39, "column": 3 }
        },
        "line": 37
      },
      "2": {
        "name": "mapDispatchToProps",
        "decl": {
          "start": { "line": 42, "column": 9 },
          "end": { "line": 42, "column": 27 }
        },
        "loc": {
          "start": { "line": 42, "column": 38 },
          "end": { "line": 46, "column": 1 }
        },
        "line": 42
      }
    },
    "branchMap": {},
    "s": { "0": 4, "1": 5, "2": 5, "3": 2, "4": 3 },
    "f": { "0": 4, "1": 2, "2": 3 },
    "b": {},
    "_coverageSchema": "43e27e138ebf9cfc5966b082cf9a028302ed4184",
    "hash": "9839c51f864933dbc6ebc0ad8a1cdad62126148e"
  },
  "/Users/chetangiri/Desktop/prod/react-template/app/containers/LanguageProvider/reducer.js": {
    "path": "/Users/chetangiri/Desktop/prod/react-template/app/containers/LanguageProvider/reducer.js",
    "statementMap": {
      "0": {
        "start": { "line": 14, "column": 4 },
        "end": { "line": 16, "column": 2 }
      },
      "1": {
        "start": { "line": 18, "column": 28 },
        "end": { "line": 20, "column": 2 }
      },
      "2": {
        "start": { "line": 23, "column": 39 },
        "end": { "line": 31, "column": 4 }
      },
      "3": {
        "start": { "line": 24, "column": 2 },
        "end": { "line": 31, "column": 4 }
      },
      "4": {
        "start": { "line": 25, "column": 4 },
        "end": { "line": 30, "column": 5 }
      },
      "5": {
        "start": { "line": 27, "column": 8 },
        "end": { "line": 27, "column": 50 }
      },
      "6": {
        "start": { "line": 29, "column": 8 },
        "end": { "line": 29, "column": 21 }
      }
    },
    "fnMap": {
      "0": {
        "name": "(anonymous_0)",
        "decl": {
          "start": { "line": 23, "column": 39 },
          "end": { "line": 23, "column": 40 }
        },
        "loc": {
          "start": { "line": 24, "column": 2 },
          "end": { "line": 31, "column": 4 }
        },
        "line": 24
      },
      "1": {
        "name": "(anonymous_1)",
        "decl": {
          "start": { "line": 24, "column": 17 },
          "end": { "line": 24, "column": 18 }
        },
        "loc": {
          "start": { "line": 24, "column": 34 },
          "end": { "line": 31, "column": 3 }
        },
        "line": 24
      }
    },
    "branchMap": {
      "0": {
        "loc": {
          "start": { "line": 23, "column": 40 },
          "end": { "line": 23, "column": 60 }
        },
        "type": "default-arg",
        "locations": [
          {
            "start": { "line": 23, "column": 48 },
            "end": { "line": 23, "column": 60 }
          }
        ],
        "line": 23
      },
      "1": {
        "loc": {
          "start": { "line": 25, "column": 4 },
          "end": { "line": 30, "column": 5 }
        },
        "type": "switch",
        "locations": [
          {
            "start": { "line": 26, "column": 6 },
            "end": { "line": 27, "column": 50 }
          },
          {
            "start": { "line": 28, "column": 6 },
            "end": { "line": 29, "column": 21 }
          }
        ],
        "line": 25
      }
    },
    "s": { "0": 12, "1": 12, "2": 12, "3": 160, "4": 160, "5": 1, "6": 159 },
    "f": { "0": 160, "1": 160 },
    "b": { "0": [148], "1": [1, 159] },
    "_coverageSchema": "43e27e138ebf9cfc5966b082cf9a028302ed4184",
    "hash": "b6b57ff187e42624e961b805b1e2e727d9e5b691"
  },
  "/Users/chetangiri/Desktop/prod/react-template/app/containers/LanguageProvider/selectors.js": {
    "path": "/Users/chetangiri/Desktop/prod/react-template/app/containers/LanguageProvider/selectors.js",
    "statementMap": {
      "0": {
        "start": { "line": 7, "column": 23 },
        "end": { "line": 7, "column": 71 }
      },
      "1": {
        "start": { "line": 7, "column": 32 },
        "end": { "line": 7, "column": 71 }
      },
      "2": {
        "start": { "line": 13, "column": 25 },
        "end": { "line": 17, "column": 3 }
      },
      "3": {
        "start": { "line": 14, "column": 2 },
        "end": { "line": 17, "column": 3 }
      },
      "4": {
        "start": { "line": 16, "column": 21 },
        "end": { "line": 16, "column": 41 }
      }
    },
    "fnMap": {
      "0": {
        "name": "(anonymous_0)",
        "decl": {
          "start": { "line": 7, "column": 23 },
          "end": { "line": 7, "column": 24 }
        },
        "loc": {
          "start": { "line": 7, "column": 32 },
          "end": { "line": 7, "column": 71 }
        },
        "line": 7
      },
      "1": {
        "name": "(anonymous_1)",
        "decl": {
          "start": { "line": 13, "column": 25 },
          "end": { "line": 13, "column": 26 }
        },
        "loc": {
          "start": { "line": 14, "column": 2 },
          "end": { "line": 17, "column": 3 }
        },
        "line": 14
      },
      "2": {
        "name": "(anonymous_2)",
        "decl": {
          "start": { "line": 16, "column": 4 },
          "end": { "line": 16, "column": 5 }
        },
        "loc": {
          "start": { "line": 16, "column": 21 },
          "end": { "line": 16, "column": 41 }
        },
        "line": 16
      }
    },
    "branchMap": {
      "0": {
        "loc": {
          "start": { "line": 7, "column": 33 },
          "end": { "line": 7, "column": 63 }
        },
        "type": "binary-expr",
        "locations": [
          {
            "start": { "line": 7, "column": 33 },
            "end": { "line": 7, "column": 47 }
          },
          {
            "start": { "line": 7, "column": 51 },
            "end": { "line": 7, "column": 63 }
          }
        ],
        "line": 7
      }
    },
    "s": { "0": 6, "1": 6, "2": 6, "3": 5, "4": 5 },
    "f": { "0": 6, "1": 5, "2": 5 },
    "b": { "0": [6, 0] },
    "_coverageSchema": "43e27e138ebf9cfc5966b082cf9a028302ed4184",
    "hash": "62126c56cfec8a0cb28d9fc581cd8418e44feb5b"
  },
  "/Users/chetangiri/Desktop/prod/react-template/app/containers/NotFoundPage/index.js": {
    "path": "/Users/chetangiri/Desktop/prod/react-template/app/containers/NotFoundPage/index.js",
    "statementMap": {
      "0": {
        "start": { "line": 14, "column": 2 },
        "end": { "line": 18, "column": 4 }
      }
    },
    "fnMap": {
      "0": {
        "name": "NotFound",
        "decl": {
          "start": { "line": 13, "column": 24 },
          "end": { "line": 13, "column": 32 }
        },
        "loc": {
          "start": { "line": 13, "column": 35 },
          "end": { "line": 19, "column": 1 }
        },
        "line": 13
      }
    },
    "branchMap": {},
    "s": { "0": 1 },
    "f": { "0": 1 },
    "b": {},
    "_coverageSchema": "43e27e138ebf9cfc5966b082cf9a028302ed4184",
    "hash": "7924fb7af0b50a6e1e565ca9817fa5871e8f1b2a"
  },
  "/Users/chetangiri/Desktop/prod/react-template/app/containers/NotFoundPage/messages.js": {
    "path": "/Users/chetangiri/Desktop/prod/react-template/app/containers/NotFoundPage/messages.js",
    "statementMap": {
      "0": {
        "start": { "line": 8, "column": 21 },
        "end": { "line": 8, "column": 50 }
      }
    },
    "fnMap": {},
    "branchMap": {},
    "s": { "0": 1 },
    "f": {},
    "b": {},
    "_coverageSchema": "43e27e138ebf9cfc5966b082cf9a028302ed4184",
    "hash": "2a4f4c2deba6beba261d03f128cac08660836089"
  },
  "/Users/chetangiri/Desktop/prod/react-template/app/services/repoApi.js": {
    "path": "/Users/chetangiri/Desktop/prod/react-template/app/services/repoApi.js",
    "statementMap": {
      "0": {
        "start": { "line": 2, "column": 16 },
        "end": { "line": 2, "column": 43 }
      },
      "1": {
        "start": { "line": 4, "column": 24 },
        "end": { "line": 5, "column": 51 }
      },
      "2": {
        "start": { "line": 5, "column": 2 },
        "end": { "line": 5, "column": 51 }
      }
    },
    "fnMap": {
      "0": {
        "name": "(anonymous_0)",
        "decl": {
          "start": { "line": 4, "column": 24 },
          "end": { "line": 4, "column": 25 }
        },
        "loc": {
          "start": { "line": 5, "column": 2 },
          "end": { "line": 5, "column": 51 }
        },
        "line": 5
      }
    },
    "branchMap": {},
    "s": { "0": 3, "1": 3, "2": 1 },
    "f": { "0": 1 },
    "b": {},
    "_coverageSchema": "43e27e138ebf9cfc5966b082cf9a028302ed4184",
    "hash": "d1611a0e7e0801153332201430c017983dfe4233"
  },
  "/Users/chetangiri/Desktop/prod/react-template/app/themes/colors.js": {
    "path": "/Users/chetangiri/Desktop/prod/react-template/app/themes/colors.js",
    "statementMap": {
      "0": {
        "start": { "line": 8, "column": 16 },
        "end": { "line": 8, "column": 25 }
      },
      "1": {
        "start": { "line": 9, "column": 13 },
        "end": { "line": 9, "column": 22 }
      },
      "2": {
        "start": { "line": 10, "column": 18 },
        "end": { "line": 10, "column": 27 }
      },
      "3": {
        "start": { "line": 11, "column": 16 },
        "end": { "line": 11, "column": 25 }
      },
      "4": {
        "start": { "line": 12, "column": 14 },
        "end": { "line": 12, "column": 23 }
      }
    },
    "fnMap": {},
    "branchMap": {},
    "s": { "0": 2, "1": 2, "2": 2, "3": 2, "4": 2 },
    "f": {},
    "b": {},
    "_coverageSchema": "43e27e138ebf9cfc5966b082cf9a028302ed4184",
    "hash": "2dec086746695e8b14e3fc7626e3e735d15031b8"
  },
  "/Users/chetangiri/Desktop/prod/react-template/app/themes/fonts.js": {
    "path": "/Users/chetangiri/Desktop/prod/react-template/app/themes/fonts.js",
    "statementMap": {
      "0": {
        "start": { "line": 4, "column": 16 },
        "end": { "line": 6, "column": 1 }
      },
      "1": {
        "start": { "line": 4, "column": 22 },
        "end": { "line": 6, "column": 1 }
      },
      "2": {
        "start": { "line": 7, "column": 14 },
        "end": { "line": 9, "column": 1 }
      },
      "3": {
        "start": { "line": 7, "column": 20 },
        "end": { "line": 9, "column": 1 }
      },
      "4": {
        "start": { "line": 10, "column": 12 },
        "end": { "line": 12, "column": 1 }
      },
      "5": {
        "start": { "line": 10, "column": 18 },
        "end": { "line": 12, "column": 1 }
      },
      "6": {
        "start": { "line": 13, "column": 14 },
        "end": { "line": 15, "column": 1 }
      },
      "7": {
        "start": { "line": 13, "column": 20 },
        "end": { "line": 15, "column": 1 }
      },
      "8": {
        "start": { "line": 18, "column": 14 },
        "end": { "line": 20, "column": 1 }
      },
      "9": {
        "start": { "line": 18, "column": 20 },
        "end": { "line": 20, "column": 1 }
      },
      "10": {
        "start": { "line": 21, "column": 13 },
        "end": { "line": 23, "column": 1 }
      },
      "11": {
        "start": { "line": 21, "column": 19 },
        "end": { "line": 23, "column": 1 }
      },
      "12": {
        "start": { "line": 25, "column": 15 },
        "end": { "line": 27, "column": 1 }
      },
      "13": {
        "start": { "line": 25, "column": 21 },
        "end": { "line": 27, "column": 1 }
      },
      "14": {
        "start": { "line": 30, "column": 16 },
        "end": { "line": 33, "column": 1 }
      },
      "15": {
        "start": { "line": 30, "column": 22 },
        "end": { "line": 33, "column": 1 }
      },
      "16": {
        "start": { "line": 35, "column": 19 },
        "end": { "line": 38, "column": 1 }
      },
      "17": {
        "start": { "line": 35, "column": 25 },
        "end": { "line": 38, "column": 1 }
      },
      "18": {
        "start": { "line": 40, "column": 17 },
        "end": { "line": 43, "column": 1 }
      },
      "19": {
        "start": { "line": 40, "column": 23 },
        "end": { "line": 43, "column": 1 }
      },
      "20": {
        "start": { "line": 45, "column": 16 },
        "end": { "line": 48, "column": 1 }
      },
      "21": {
        "start": { "line": 45, "column": 22 },
        "end": { "line": 48, "column": 1 }
      }
    },
    "fnMap": {
      "0": {
        "name": "(anonymous_0)",
        "decl": {
          "start": { "line": 4, "column": 16 },
          "end": { "line": 4, "column": 17 }
        },
        "loc": {
          "start": { "line": 4, "column": 22 },
          "end": { "line": 6, "column": 1 }
        },
        "line": 4
      },
      "1": {
        "name": "(anonymous_1)",
        "decl": {
          "start": { "line": 7, "column": 14 },
          "end": { "line": 7, "column": 15 }
        },
        "loc": {
          "start": { "line": 7, "column": 20 },
          "end": { "line": 9, "column": 1 }
        },
        "line": 7
      },
      "2": {
        "name": "(anonymous_2)",
        "decl": {
          "start": { "line": 10, "column": 12 },
          "end": { "line": 10, "column": 13 }
        },
        "loc": {
          "start": { "line": 10, "column": 18 },
          "end": { "line": 12, "column": 1 }
        },
        "line": 10
      },
      "3": {
        "name": "(anonymous_3)",
        "decl": {
          "start": { "line": 13, "column": 14 },
          "end": { "line": 13, "column": 15 }
        },
        "loc": {
          "start": { "line": 13, "column": 20 },
          "end": { "line": 15, "column": 1 }
        },
        "line": 13
      },
      "4": {
        "name": "(anonymous_4)",
        "decl": {
          "start": { "line": 18, "column": 14 },
          "end": { "line": 18, "column": 15 }
        },
        "loc": {
          "start": { "line": 18, "column": 20 },
          "end": { "line": 20, "column": 1 }
        },
        "line": 18
      },
      "5": {
        "name": "(anonymous_5)",
        "decl": {
          "start": { "line": 21, "column": 13 },
          "end": { "line": 21, "column": 14 }
        },
        "loc": {
          "start": { "line": 21, "column": 19 },
          "end": { "line": 23, "column": 1 }
        },
        "line": 21
      },
      "6": {
        "name": "(anonymous_6)",
        "decl": {
          "start": { "line": 25, "column": 15 },
          "end": { "line": 25, "column": 16 }
        },
        "loc": {
          "start": { "line": 25, "column": 21 },
          "end": { "line": 27, "column": 1 }
        },
        "line": 25
      },
      "7": {
        "name": "(anonymous_7)",
        "decl": {
          "start": { "line": 30, "column": 16 },
          "end": { "line": 30, "column": 17 }
        },
        "loc": {
          "start": { "line": 30, "column": 22 },
          "end": { "line": 33, "column": 1 }
        },
        "line": 30
      },
      "8": {
        "name": "(anonymous_8)",
        "decl": {
          "start": { "line": 35, "column": 19 },
          "end": { "line": 35, "column": 20 }
        },
        "loc": {
          "start": { "line": 35, "column": 25 },
          "end": { "line": 38, "column": 1 }
        },
        "line": 35
      },
      "9": {
        "name": "(anonymous_9)",
        "decl": {
          "start": { "line": 40, "column": 17 },
          "end": { "line": 40, "column": 18 }
        },
        "loc": {
          "start": { "line": 40, "column": 23 },
          "end": { "line": 43, "column": 1 }
        },
        "line": 40
      },
      "10": {
        "name": "(anonymous_10)",
        "decl": {
          "start": { "line": 45, "column": 16 },
          "end": { "line": 45, "column": 17 }
        },
        "loc": {
          "start": { "line": 45, "column": 22 },
          "end": { "line": 48, "column": 1 }
        },
        "line": 45
      }
    },
    "branchMap": {},
    "s": {
      "0": 2,
      "1": 3,
      "2": 2,
      "3": 3,
      "4": 2,
      "5": 3,
      "6": 2,
      "7": 3,
      "8": 2,
      "9": 1,
      "10": 2,
      "11": 5,
      "12": 2,
      "13": 5,
      "14": 2,
      "15": 2,
      "16": 2,
      "17": 2,
      "18": 2,
      "19": 2,
      "20": 2,
      "21": 2
    },
    "f": {
      "0": 3,
      "1": 3,
      "2": 3,
      "3": 3,
      "4": 1,
      "5": 5,
      "6": 5,
      "7": 2,
      "8": 2,
      "9": 2,
      "10": 2
    },
    "b": {},
    "_coverageSchema": "43e27e138ebf9cfc5966b082cf9a028302ed4184",
    "hash": "5f917c4bea455866e253a5ba868988829f3ed61a"
  },
  "/Users/chetangiri/Desktop/prod/react-template/app/utils/checkStore.js": {
    "path": "/Users/chetangiri/Desktop/prod/react-template/app/utils/checkStore.js",
    "statementMap": {
      "0": {
        "start": { "line": 8, "column": 16 },
        "end": { "line": 16, "column": 3 }
      },
      "1": {
        "start": { "line": 17, "column": 2 },
        "end": { "line": 20, "column": 4 }
      }
    },
    "fnMap": {
      "0": {
        "name": "checkStore",
        "decl": {
          "start": { "line": 7, "column": 24 },
          "end": { "line": 7, "column": 34 }
        },
        "loc": {
          "start": { "line": 7, "column": 42 },
          "end": { "line": 21, "column": 1 }
        },
        "line": 7
      }
    },
    "branchMap": {},
    "s": { "0": 17, "1": 17 },
    "f": { "0": 17 },
    "b": {},
    "_coverageSchema": "43e27e138ebf9cfc5966b082cf9a028302ed4184",
    "hash": "d2a548b48a8f1b2d51a02547e8cf1a607b253972"
  },
  "/Users/chetangiri/Desktop/prod/react-template/app/utils/constants.js": {
    "path": "/Users/chetangiri/Desktop/prod/react-template/app/utils/constants.js",
    "statementMap": {
      "0": {
        "start": { "line": 1, "column": 34 },
        "end": { "line": 1, "column": 70 }
      },
      "1": {
        "start": { "line": 2, "column": 22 },
        "end": { "line": 2, "column": 46 }
      },
      "2": {
        "start": { "line": 3, "column": 33 },
        "end": { "line": 3, "column": 68 }
      }
    },
    "fnMap": {},
    "branchMap": {},
    "s": { "0": 3, "1": 3, "2": 3 },
    "f": {},
    "b": {},
    "_coverageSchema": "43e27e138ebf9cfc5966b082cf9a028302ed4184",
    "hash": "4ef0075b45627e2fc9071919036c893b743fd340"
  },
  "/Users/chetangiri/Desktop/prod/react-template/app/utils/history.js": {
    "path": "/Users/chetangiri/Desktop/prod/react-template/app/utils/history.js",
    "statementMap": {
      "0": {
        "start": { "line": 2, "column": 16 },
        "end": { "line": 2, "column": 38 }
      }
    },
    "fnMap": {},
    "branchMap": {},
    "s": { "0": 10 },
    "f": {},
    "b": {},
    "_coverageSchema": "43e27e138ebf9cfc5966b082cf9a028302ed4184",
    "hash": "24b773d18a04790c76aa67ed1f56fc021aa53c00"
  },
  "/Users/chetangiri/Desktop/prod/react-template/app/utils/injectReducer.js": {
    "path": "/Users/chetangiri/Desktop/prod/react-template/app/utils/injectReducer.js",
    "statementMap": {
      "0": {
        "start": { "line": 14, "column": 37 },
        "end": { "line": 36, "column": 1 }
      },
      "1": {
        "start": { "line": 16, "column": 30 },
        "end": { "line": 16, "column": 46 }
      },
      "2": {
        "start": { "line": 18, "column": 25 },
        "end": { "line": 18, "column": 42 }
      },
      "3": {
        "start": { "line": 20, "column": 25 },
        "end": { "line": 22, "column": 20 }
      },
      "4": {
        "start": { "line": 25, "column": 6 },
        "end": { "line": 25, "column": 28 }
      },
      "5": {
        "start": { "line": 27, "column": 6 },
        "end": { "line": 27, "column": 62 }
      },
      "6": {
        "start": { "line": 31, "column": 6 },
        "end": { "line": 31, "column": 50 }
      },
      "7": {
        "start": { "line": 35, "column": 2 },
        "end": { "line": 35, "column": 65 }
      },
      "8": {
        "start": { "line": 38, "column": 25 },
        "end": { "line": 43, "column": 1 }
      },
      "9": {
        "start": { "line": 39, "column": 18 },
        "end": { "line": 39, "column": 53 }
      },
      "10": {
        "start": { "line": 40, "column": 2 },
        "end": { "line": 42, "column": 9 }
      },
      "11": {
        "start": { "line": 41, "column": 4 },
        "end": { "line": 41, "column": 60 }
      }
    },
    "fnMap": {
      "0": {
        "name": "(anonymous_0)",
        "decl": {
          "start": { "line": 14, "column": 15 },
          "end": { "line": 14, "column": 16 }
        },
        "loc": {
          "start": { "line": 14, "column": 37 },
          "end": { "line": 36, "column": 1 }
        },
        "line": 14
      },
      "1": {
        "name": "(anonymous_1)",
        "decl": {
          "start": { "line": 14, "column": 37 },
          "end": { "line": 14, "column": 38 }
        },
        "loc": {
          "start": { "line": 14, "column": 57 },
          "end": { "line": 36, "column": 1 }
        },
        "line": 14
      },
      "2": {
        "name": "(anonymous_2)",
        "decl": {
          "start": { "line": 24, "column": 4 },
          "end": { "line": 24, "column": 5 }
        },
        "loc": {
          "start": { "line": 24, "column": 32 },
          "end": { "line": 28, "column": 5 }
        },
        "line": 24
      },
      "3": {
        "name": "(anonymous_3)",
        "decl": {
          "start": { "line": 30, "column": 4 },
          "end": { "line": 30, "column": 5 }
        },
        "loc": {
          "start": { "line": 30, "column": 13 },
          "end": { "line": 32, "column": 5 }
        },
        "line": 30
      },
      "4": {
        "name": "(anonymous_4)",
        "decl": {
          "start": { "line": 38, "column": 25 },
          "end": { "line": 38, "column": 26 }
        },
        "loc": {
          "start": { "line": 38, "column": 47 },
          "end": { "line": 43, "column": 1 }
        },
        "line": 38
      },
      "5": {
        "name": "(anonymous_5)",
        "decl": {
          "start": { "line": 40, "column": 18 },
          "end": { "line": 40, "column": 19 }
        },
        "loc": {
          "start": { "line": 40, "column": 24 },
          "end": { "line": 42, "column": 3 }
        },
        "line": 40
      }
    },
    "branchMap": {
      "0": {
        "loc": {
          "start": { "line": 20, "column": 40 },
          "end": { "line": 22, "column": 17 }
        },
        "type": "binary-expr",
        "locations": [
          {
            "start": { "line": 20, "column": 40 },
            "end": { "line": 20, "column": 68 }
          },
          {
            "start": { "line": 21, "column": 6 },
            "end": { "line": 21, "column": 27 }
          },
          {
            "start": { "line": 22, "column": 6 },
            "end": { "line": 22, "column": 17 }
          }
        ],
        "line": 20
      }
    },
    "s": {
      "0": 4,
      "1": 4,
      "2": 4,
      "3": 4,
      "4": 2,
      "5": 2,
      "6": 2,
      "7": 4,
      "8": 2,
      "9": 4,
      "10": 4,
      "11": 3
    },
    "f": { "0": 4, "1": 4, "2": 2, "3": 2, "4": 4, "5": 3 },
    "b": { "0": [4, 4, 1] },
    "_coverageSchema": "43e27e138ebf9cfc5966b082cf9a028302ed4184",
    "hash": "86b2913b4fbf33879bf52b3fea632f87b8687dd0"
  },
  "/Users/chetangiri/Desktop/prod/react-template/app/utils/injectSaga.js": {
    "path": "/Users/chetangiri/Desktop/prod/react-template/app/utils/injectSaga.js",
    "statementMap": {
      "0": {
        "start": { "line": 19, "column": 40 },
        "end": { "line": 47, "column": 1 }
      },
      "1": {
        "start": { "line": 21, "column": 30 },
        "end": { "line": 21, "column": 46 }
      },
      "2": {
        "start": { "line": 23, "column": 25 },
        "end": { "line": 23, "column": 42 }
      },
      "3": {
        "start": { "line": 25, "column": 25 },
        "end": { "line": 27, "column": 20 }
      },
      "4": {
        "start": { "line": 30, "column": 6 },
        "end": { "line": 30, "column": 28 }
      },
      "5": {
        "start": { "line": 32, "column": 6 },
        "end": { "line": 32, "column": 51 }
      },
      "6": {
        "start": { "line": 34, "column": 6 },
        "end": { "line": 34, "column": 65 }
      },
      "7": {
        "start": { "line": 38, "column": 6 },
        "end": { "line": 38, "column": 36 }
      },
      "8": {
        "start": { "line": 42, "column": 6 },
        "end": { "line": 42, "column": 50 }
      },
      "9": {
        "start": { "line": 46, "column": 2 },
        "end": { "line": 46, "column": 60 }
      },
      "10": {
        "start": { "line": 49, "column": 22 },
        "end": { "line": 58, "column": 1 }
      },
      "11": {
        "start": { "line": 50, "column": 18 },
        "end": { "line": 50, "column": 53 }
      },
      "12": {
        "start": { "line": 51, "column": 2 },
        "end": { "line": 57, "column": 9 }
      },
      "13": {
        "start": { "line": 52, "column": 22 },
        "end": { "line": 52, "column": 49 }
      },
      "14": {
        "start": { "line": 53, "column": 4 },
        "end": { "line": 53, "column": 46 }
      },
      "15": {
        "start": { "line": 54, "column": 4 },
        "end": { "line": 56, "column": 6 }
      },
      "16": {
        "start": { "line": 55, "column": 6 },
        "end": { "line": 55, "column": 31 }
      }
    },
    "fnMap": {
      "0": {
        "name": "(anonymous_0)",
        "decl": {
          "start": { "line": 19, "column": 15 },
          "end": { "line": 19, "column": 16 }
        },
        "loc": {
          "start": { "line": 19, "column": 40 },
          "end": { "line": 47, "column": 1 }
        },
        "line": 19
      },
      "1": {
        "name": "(anonymous_1)",
        "decl": {
          "start": { "line": 19, "column": 40 },
          "end": { "line": 19, "column": 41 }
        },
        "loc": {
          "start": { "line": 19, "column": 60 },
          "end": { "line": 47, "column": 1 }
        },
        "line": 19
      },
      "2": {
        "name": "(anonymous_2)",
        "decl": {
          "start": { "line": 29, "column": 4 },
          "end": { "line": 29, "column": 5 }
        },
        "loc": {
          "start": { "line": 29, "column": 32 },
          "end": { "line": 35, "column": 5 }
        },
        "line": 29
      },
      "3": {
        "name": "(anonymous_3)",
        "decl": {
          "start": { "line": 37, "column": 4 },
          "end": { "line": 37, "column": 5 }
        },
        "loc": {
          "start": { "line": 37, "column": 27 },
          "end": { "line": 39, "column": 5 }
        },
        "line": 37
      },
      "4": {
        "name": "(anonymous_4)",
        "decl": {
          "start": { "line": 41, "column": 4 },
          "end": { "line": 41, "column": 5 }
        },
        "loc": {
          "start": { "line": 41, "column": 13 },
          "end": { "line": 43, "column": 5 }
        },
        "line": 41
      },
      "5": {
        "name": "(anonymous_5)",
        "decl": {
          "start": { "line": 49, "column": 22 },
          "end": { "line": 49, "column": 23 }
        },
        "loc": {
          "start": { "line": 49, "column": 47 },
          "end": { "line": 58, "column": 1 }
        },
        "line": 49
      },
      "6": {
        "name": "(anonymous_6)",
        "decl": {
          "start": { "line": 51, "column": 18 },
          "end": { "line": 51, "column": 19 }
        },
        "loc": {
          "start": { "line": 51, "column": 24 },
          "end": { "line": 57, "column": 3 }
        },
        "line": 51
      },
      "7": {
        "name": "(anonymous_7)",
        "decl": {
          "start": { "line": 54, "column": 11 },
          "end": { "line": 54, "column": 12 }
        },
        "loc": {
          "start": { "line": 54, "column": 17 },
          "end": { "line": 56, "column": 5 }
        },
        "line": 54
      }
    },
    "branchMap": {
      "0": {
        "loc": {
          "start": { "line": 25, "column": 37 },
          "end": { "line": 27, "column": 17 }
        },
        "type": "binary-expr",
        "locations": [
          {
            "start": { "line": 25, "column": 37 },
            "end": { "line": 25, "column": 65 }
          },
          {
            "start": { "line": 26, "column": 6 },
            "end": { "line": 26, "column": 27 }
          },
          {
            "start": { "line": 27, "column": 6 },
            "end": { "line": 27, "column": 17 }
          }
        ],
        "line": 25
      }
    },
    "s": {
      "0": 5,
      "1": 5,
      "2": 5,
      "3": 5,
      "4": 3,
      "5": 3,
      "6": 3,
      "7": 1,
      "8": 3,
      "9": 5,
      "10": 2,
      "11": 5,
      "12": 5,
      "13": 4,
      "14": 4,
      "15": 4,
      "16": 4
    },
    "f": { "0": 5, "1": 5, "2": 3, "3": 1, "4": 3, "5": 5, "6": 4, "7": 4 },
    "b": { "0": [5, 5, 1] },
    "_coverageSchema": "43e27e138ebf9cfc5966b082cf9a028302ed4184",
    "hash": "b1b3e3b7de82060e3d48ac213541c92870eaac15"
  },
  "/Users/chetangiri/Desktop/prod/react-template/app/utils/loadable.js": {
    "path": "/Users/chetangiri/Desktop/prod/react-template/app/utils/loadable.js",
    "statementMap": {
      "0": {
        "start": { "line": 3, "column": 17 },
        "end": { "line": 11, "column": 1 }
      },
      "1": {
        "start": { "line": 4, "column": 24 },
        "end": { "line": 4, "column": 40 }
      },
      "2": {
        "start": { "line": 6, "column": 2 },
        "end": { "line": 10, "column": 4 }
      },
      "3": {
        "start": { "line": 7, "column": 4 },
        "end": { "line": 9, "column": 15 }
      }
    },
    "fnMap": {
      "0": {
        "name": "(anonymous_0)",
        "decl": {
          "start": { "line": 3, "column": 17 },
          "end": { "line": 3, "column": 18 }
        },
        "loc": {
          "start": { "line": 3, "column": 75 },
          "end": { "line": 11, "column": 1 }
        },
        "line": 3
      },
      "1": {
        "name": "(anonymous_1)",
        "decl": {
          "start": { "line": 6, "column": 9 },
          "end": { "line": 6, "column": 10 }
        },
        "loc": {
          "start": { "line": 7, "column": 4 },
          "end": { "line": 9, "column": 15 }
        },
        "line": 7
      }
    },
    "branchMap": {
      "0": {
        "loc": {
          "start": { "line": 3, "column": 30 },
          "end": { "line": 3, "column": 70 }
        },
        "type": "default-arg",
        "locations": [
          {
            "start": { "line": 3, "column": 52 },
            "end": { "line": 3, "column": 70 }
          }
        ],
        "line": 3
      },
      "1": {
        "loc": {
          "start": { "line": 3, "column": 32 },
          "end": { "line": 3, "column": 47 }
        },
        "type": "default-arg",
        "locations": [
          {
            "start": { "line": 3, "column": 43 },
            "end": { "line": 3, "column": 47 }
          }
        ],
        "line": 3
      }
    },
    "s": { "0": 1, "1": 2, "2": 2, "3": 0 },
    "f": { "0": 2, "1": 0 },
    "b": { "0": [2], "1": [0] },
    "_coverageSchema": "43e27e138ebf9cfc5966b082cf9a028302ed4184",
    "hash": "dd5ebc963a2b0804b8d8a0a106c100443162c0ce"
  },
  "/Users/chetangiri/Desktop/prod/react-template/app/utils/reducerInjectors.js": {
    "path": "/Users/chetangiri/Desktop/prod/react-template/app/utils/reducerInjectors.js",
    "statementMap": {
      "0": {
        "start": { "line": 8, "column": 2 },
        "end": { "line": 25, "column": 4 }
      },
      "1": {
        "start": { "line": 9, "column": 4 },
        "end": { "line": 9, "column": 36 }
      },
      "2": {
        "start": { "line": 9, "column": 18 },
        "end": { "line": 9, "column": 36 }
      },
      "3": {
        "start": { "line": 11, "column": 4 },
        "end": { "line": 14, "column": 6 }
      },
      "4": {
        "start": { "line": 17, "column": 4 },
        "end": { "line": 21, "column": 13 }
      },
      "5": {
        "start": { "line": 21, "column": 6 },
        "end": { "line": 21, "column": 13 }
      },
      "6": {
        "start": { "line": 23, "column": 4 },
        "end": { "line": 23, "column": 42 }
      },
      "7": {
        "start": { "line": 24, "column": 4 },
        "end": { "line": 24, "column": 64 }
      },
      "8": {
        "start": { "line": 29, "column": 2 },
        "end": { "line": 29, "column": 20 }
      },
      "9": {
        "start": { "line": 31, "column": 2 },
        "end": { "line": 33, "column": 4 }
      }
    },
    "fnMap": {
      "0": {
        "name": "injectReducerFactory",
        "decl": {
          "start": { "line": 7, "column": 16 },
          "end": { "line": 7, "column": 36 }
        },
        "loc": {
          "start": { "line": 7, "column": 53 },
          "end": { "line": 26, "column": 1 }
        },
        "line": 7
      },
      "1": {
        "name": "injectReducer",
        "decl": {
          "start": { "line": 8, "column": 18 },
          "end": { "line": 8, "column": 31 }
        },
        "loc": {
          "start": { "line": 8, "column": 46 },
          "end": { "line": 25, "column": 3 }
        },
        "line": 8
      },
      "2": {
        "name": "getInjectors",
        "decl": {
          "start": { "line": 28, "column": 24 },
          "end": { "line": 28, "column": 36 }
        },
        "loc": {
          "start": { "line": 28, "column": 44 },
[...]
          }
        ],
        "line": 18
      }
    },
    "s": {
      "0": 10,
      "1": 12,
      "2": 1,
      "3": 11,
      "4": 8,
      "5": 1,
      "6": 7,
      "7": 7,
      "8": 4,
      "9": 3
    },
    "f": { "0": 10, "1": 12, "2": 4 },
    "b": { "0": [1, 11], "1": [11, 9, 8], "2": [1, 7], "3": [8, 2] },
    "_coverageSchema": "43e27e138ebf9cfc5966b082cf9a028302ed4184",
    "hash": "dbce7723f9d904365182e7e12f5031761eada37b"
  },
  "/Users/chetangiri/Desktop/prod/react-template/app/utils/sagaInjectors.js": {
    "path": "/Users/chetangiri/Desktop/prod/react-template/app/utils/sagaInjectors.js",
    "statementMap": {
      "0": {
        "start": { "line": 7, "column": 21 },
        "end": { "line": 7, "column": 68 }
      },
      "1": {
        "start": { "line": 9, "column": 17 },
        "end": { "line": 13, "column": 3 }
      },
      "2": {
        "start": { "line": 10, "column": 2 },
        "end": { "line": 13, "column": 3 }
      },
      "3": {
        "start": { "line": 15, "column": 24 },
        "end": { "line": 24, "column": 1 }
      },
      "4": {
        "start": { "line": 16, "column": 16 },
        "end": { "line": 19, "column": 3 }
      },
      "5": {
        "start": { "line": 18, "column": 18 },
        "end": { "line": 18, "column": 63 }
      },
      "6": {
        "start": { "line": 20, "column": 2 },
        "end": { "line": 23, "column": 4 }
      },
      "7": {
        "start": { "line": 27, "column": 2 },
        "end": { "line": 61, "column": 4 }
      },
      "8": {
        "start": { "line": 28, "column": 4 },
        "end": { "line": 28, "column": 36 }
      },
      "9": {
        "start": { "line": 28, "column": 18 },
        "end": { "line": 28, "column": 36 }
      },
      "10": {
        "start": { "line": 30, "column": 26 },
        "end": { "line": 33, "column": 5 }
      },
      "11": {
        "start": { "line": 34, "column": 27 },
        "end": { "line": 34, "column": 40 }
      },
      "12": {
        "start": { "line": 36, "column": 4 },
        "end": { "line": 36, "column": 18 }
      },
      "13": {
        "start": { "line": 37, "column": 4 },
        "end": { "line": 37, "column": 35 }
      },
      "14": {
        "start": { "line": 39, "column": 18 },
        "end": { "line": 39, "column": 55 }
      },
      "15": {
        "start": { "line": 41, "column": 4 },
        "end": { "line": 48, "column": 5 }
      },
      "16": {
        "start": { "line": 42, "column": 28 },
        "end": { "line": 42, "column": 52 }
      },
      "17": {
        "start": { "line": 44, "column": 6 },
        "end": { "line": 47, "column": 7 }
      },
      "18": {
        "start": { "line": 45, "column": 8 },
        "end": { "line": 45, "column": 36 }
      },
      "19": {
        "start": { "line": 46, "column": 8 },
        "end": { "line": 46, "column": 24 }
      },
      "20": {
        "start": { "line": 50, "column": 4 },
        "end": { "line": 60, "column": 5 }
      },
      "21": {
        "start": { "line": 55, "column": 6 },
        "end": { "line": 58, "column": 8 }
      },
      "22": {
        "start": { "line": 65, "column": 2 },
        "end": { "line": 81, "column": 4 }
      },
      "23": {
        "start": { "line": 66, "column": 4 },
        "end": { "line": 66, "column": 36 }
      },
      "24": {
        "start": { "line": 66, "column": 18 },
        "end": { "line": 66, "column": 36 }
      },
      "25": {
        "start": { "line": 68, "column": 4 },
        "end": { "line": 68, "column": 18 }
      },
      "26": {
        "start": { "line": 70, "column": 4 },
        "end": { "line": 80, "column": 5 }
      },
      "27": {
        "start": { "line": 71, "column": 25 },
        "end": { "line": 71, "column": 49 }
      },
      "28": {
        "start": { "line": 72, "column": 6 },
        "end": { "line": 79, "column": 7 }
      },
      "29": {
        "start": { "line": 73, "column": 8 },
        "end": { "line": 73, "column": 33 }
      },
      "30": {
        "start": { "line": 75, "column": 8 },
        "end": { "line": 78, "column": 9 }
      },
      "31": {
        "start": { "line": 77, "column": 10 },
        "end": { "line": 77, "column": 44 }
      },
      "32": {
        "start": { "line": 85, "column": 2 },
        "end": { "line": 85, "column": 20 }
      },
      "33": {
        "start": { "line": 86, "column": 2 },
        "end": { "line": 89, "column": 4 }
      }
    },
    "fnMap": {
      "0": {
        "name": "(anonymous_0)",
        "decl": {
          "start": { "line": 9, "column": 17 },
          "end": { "line": 9, "column": 18 }
        },
        "loc": {
          "start": { "line": 10, "column": 2 },
          "end": { "line": 13, "column": 3 }
        },
        "line": 10
      },
      "1": {
        "name": "(anonymous_1)",
        "decl": {
          "start": { "line": 15, "column": 24 },
          "end": { "line": 15, "column": 25 }
        },
        "loc": {
          "start": { "line": 15, "column": 38 },
          "end": { "line": 24, "column": 1 }
        },
        "line": 15
      },
      "2": {
        "name": "(anonymous_2)",
        "decl": {
          "start": { "line": 18, "column": 10 },
          "end": { "line": 18, "column": 11 }
        },
        "loc": {
          "start": { "line": 18, "column": 18 },
          "end": { "line": 18, "column": 63 }
        },
        "line": 18
      },
      "3": {
        "name": "injectSagaFactory",
        "decl": {
          "start": { "line": 26, "column": 16 },
          "end": { "line": 26, "column": 33 }
        },
        "loc": {
          "start": { "line": 26, "column": 50 },
          "end": { "line": 62, "column": 1 }
        },
        "line": 26
      },
      "4": {
        "name": "injectSaga",
        "decl": {
          "start": { "line": 27, "column": 18 },
          "end": { "line": 27, "column": 28 }
        },
        "loc": {
          "start": { "line": 27, "column": 57 },
          "end": { "line": 61, "column": 3 }
        },
        "line": 27
      },
      "5": {
        "name": "ejectSagaFactory",
        "decl": {
          "start": { "line": 64, "column": 16 },
          "end": { "line": 64, "column": 32 }
        },
        "loc": {
          "start": { "line": 64, "column": 49 },
          "end": { "line": 82, "column": 1 }
        },
        "line": 64
      },
      "6": {
        "name": "ejectSaga",
        "decl": {
          "start": { "line": 65, "column": 18 },
          "end": { "line": 65, "column": 27 }
        },
        "loc": {
          "start": { "line": 65, "column": 33 },
          "end": { "line": 81, "column": 3 }
        },
        "line": 65
      },
      "7": {
        "name": "getInjectors",
        "decl": {
          "start": { "line": 84, "column": 24 },
          "end": { "line": 84, "column": 36 }
        },
        "loc": {
          "start": { "line": 84, "column": 44 },
          "end": { "line": 90, "column": 1 }
        },
        "line": 84
      }
    },
    "branchMap": {
      "0": {
        "loc": {
          "start": { "line": 11, "column": 4 },
          "end": { "line": 11, "column": 34 }
        },
        "type": "binary-expr",
        "locations": [
          {
            "start": { "line": 11, "column": 4 },
            "end": { "line": 11, "column": 17 }
          },
          {
            "start": { "line": 11, "column": 21 },
            "end": { "line": 11, "column": 34 }
          }
        ],
        "line": 11
      },
      "1": {
        "loc": {
          "start": { "line": 18, "column": 18 },
          "end": { "line": 18, "column": 63 }
        },
        "type": "binary-expr",
        "locations": [
          {
            "start": { "line": 18, "column": 18 },
            "end": { "line": 18, "column": 32 }
          },
          {
            "start": { "line": 18, "column": 36 },
            "end": { "line": 18, "column": 63 }
          }
        ],
        "line": 18
      },
      "2": {
        "loc": {
          "start": { "line": 27, "column": 34 },
          "end": { "line": 27, "column": 49 }
        },
        "type": "default-arg",
        "locations": [
          {
            "start": { "line": 27, "column": 47 },
            "end": { "line": 27, "column": 49 }
          }
        ],
        "line": 27
      },
      "3": {
        "loc": {
          "start": { "line": 28, "column": 4 },
          "end": { "line": 28, "column": 36 }
        },
        "type": "if",
        "locations": [
          {
            "start": { "line": 28, "column": 4 },
            "end": { "line": 28, "column": 36 }
          },
          {
            "start": { "line": 28, "column": 4 },
            "end": { "line": 28, "column": 36 }
          }
        ],
        "line": 28
      },
      "4": {
        "loc": {
          "start": { "line": 32, "column": 12 },
          "end": { "line": 32, "column": 37 }
        },
        "type": "binary-expr",
        "locations": [
          {
            "start": { "line": 32, "column": 12 },
            "end": { "line": 32, "column": 27 }
          },
          {
            "start": { "line": 32, "column": 31 },
            "end": { "line": 32, "column": 37 }
          }
        ],
        "line": 32
      },
      "5": {
        "loc": {
          "start": { "line": 41, "column": 4 },
          "end": { "line": 48, "column": 5 }
        },
        "type": "if",
        "locations": [
          {
            "start": { "line": 41, "column": 4 },
            "end": { "line": 48, "column": 5 }
          },
          {
            "start": { "line": 41, "column": 4 },
            "end": { "line": 48, "column": 5 }
          }
        ],
        "line": 41
      },
      "6": {
        "loc": {
          "start": { "line": 44, "column": 6 },
          "end": { "line": 47, "column": 7 }
        },
        "type": "if",
        "locations": [
          {
            "start": { "line": 44, "column": 6 },
            "end": { "line": 47, "column": 7 }
          },
          {
            "start": { "line": 44, "column": 6 },
            "end": { "line": 47, "column": 7 }
          }
        ],
        "line": 44
      },
      "7": {
        "loc": {
          "start": { "line": 44, "column": 10 },
          "end": { "line": 44, "column": 48 }
        },
        "type": "binary-expr",
        "locations": [
          {
            "start": { "line": 44, "column": 10 },
            "end": { "line": 44, "column": 17 }
          },
          {
            "start": { "line": 44, "column": 21 },
            "end": { "line": 44, "column": 48 }
          }
        ],
        "line": 44
      },
      "8": {
        "loc": {
          "start": { "line": 50, "column": 4 },
          "end": { "line": 60, "column": 5 }
        },
        "type": "if",
        "locations": [
          {
            "start": { "line": 50, "column": 4 },
            "end": { "line": 60, "column": 5 }
          },
          {
            "start": { "line": 50, "column": 4 },
            "end": { "line": 60, "column": 5 }
          }
        ],
        "line": 50
      },
      "9": {
        "loc": {
          "start": { "line": 51, "column": 6 },
          "end": { "line": 52, "column": 64 }
        },
        "type": "binary-expr",
        "locations": [
          {
            "start": { "line": 51, "column": 6 },
            "end": { "line": 51, "column": 14 }
          },
          {
            "start": { "line": 52, "column": 7 },
            "end": { "line": 52, "column": 14 }
          },
          {
            "start": { "line": 52, "column": 18 },
            "end": { "line": 52, "column": 33 }
          },
          {
            "start": { "line": 52, "column": 37 },
            "end": { "line": 52, "column": 63 }
          }
        ],
        "line": 51
      },
      "10": {
        "loc": {
          "start": { "line": 66, "column": 4 },
          "end": { "line": 66, "column": 36 }
        },
        "type": "if",
        "locations": [
          {
            "start": { "line": 66, "column": 4 },
            "end": { "line": 66, "column": 36 }
          },
          {
            "start": { "line": 66, "column": 4 },
            "end": { "line": 66, "column": 36 }
          }
        ],
        "line": 66
      },
      "11": {
        "loc": {
          "start": { "line": 70, "column": 4 },
          "end": { "line": 80, "column": 5 }
        },
        "type": "if",
        "locations": [
          {
            "start": { "line": 70, "column": 4 },
            "end": { "line": 80, "column": 5 }
          },
          {
            "start": { "line": 70, "column": 4 },
            "end": { "line": 80, "column": 5 }
          }
        ],
        "line": 70
      },
      "12": {
        "loc": {
          "start": { "line": 72, "column": 6 },
          "end": { "line": 79, "column": 7 }
        },
        "type": "if",
        "locations": [
          {
            "start": { "line": 72, "column": 6 },
            "end": { "line": 79, "column": 7 }
          },
          {
            "start": { "line": 72, "column": 6 },
            "end": { "line": 79, "column": 7 }
          }
        ],
        "line": 72
      },
      "13": {
        "loc": {
          "start": { "line": 72, "column": 10 },
          "end": { "line": 72, "column": 55 }
        },
        "type": "binary-expr",
        "locations": [
          {
            "start": { "line": 72, "column": 10 },
            "end": { "line": 72, "column": 25 }
          },
          {
            "start": { "line": 72, "column": 29 },
            "end": { "line": 72, "column": 55 }
          }
        ],
        "line": 72
      },
      "14": {
        "loc": {
          "start": { "line": 75, "column": 8 },
          "end": { "line": 78, "column": 9 }
        },
        "type": "if",
        "locations": [
          {
            "start": { "line": 75, "column": 8 },
            "end": { "line": 78, "column": 9 }
          },
          {
            "start": { "line": 75, "column": 8 },
            "end": { "line": 78, "column": 9 }
          }
        ],
        "line": 75
      }
    },
    "s": {
      "0": 3,
      "1": 3,
      "2": 40,
      "3": 3,
      "4": 26,
      "5": 26,
      "6": 26,
      "7": 23,
      "8": 29,
      "9": 1,
      "10": 28,
      "11": 28,
      "12": 28,
      "13": 26,
      "14": 22,
      "15": 22,
      "16": 18,
      "17": 18,
      "18": 1,
      "19": 1,
      "20": 22,
      "21": 17,
      "22": 23,
      "23": 13,
      "24": 1,
      "25": 12,
      "26": 10,
      "27": 9,
      "28": 9,
      "29": 3,
      "30": 3,
      "31": 2,
      "32": 4,
      "33": 3
    },
    "f": {
      "0": 40,
      "1": 26,
      "2": 26,
      "3": 23,
      "4": 29,
      "5": 23,
      "6": 13,
      "7": 4
    },
    "b": {
      "0": [40, 38],
      "1": [26, 25],
      "2": [1],
      "3": [1, 28],
      "4": [28, 12],
      "5": [18, 4],
      "6": [1, 17],
      "7": [18, 5],
      "8": [17, 5],
      "9": [22, 5, 5, 2],
      "10": [1, 12],
      "11": [9, 1],
      "12": [3, 6],
      "13": [9, 9],
      "14": [2, 1]
    },
    "_coverageSchema": "43e27e138ebf9cfc5966b082cf9a028302ed4184",
    "hash": "3099d367560eb896957c15db927ca164b1aaad80"
  },
  "/Users/chetangiri/Desktop/prod/react-template/app/utils/testUtils.js": {
    "path": "/Users/chetangiri/Desktop/prod/react-template/app/utils/testUtils.js",
    "statementMap": {
      "0": {
        "start": { "line": 11, "column": 30 },
        "end": { "line": 19, "column": 3 }
      },
      "1": {
        "start": { "line": 12, "column": 2 },
        "end": { "line": 19, "column": 3 }
      },
      "2": {
        "start": { "line": 21, "column": 34 },
        "end": { "line": 27, "column": 1 }
      },
      "3": {
        "start": { "line": 22, "column": 2 },
        "end": { "line": 22, "column": 35 }
      },
      "4": {
        "start": { "line": 23, "column": 32 },
        "end": { "line": 23, "column": 53 }
      },
      "5": {
        "start": { "line": 24, "column": 25 },
        "end": { "line": 24, "column": 75 }
      },
      "6": {
        "start": { "line": 26, "column": 2 },
        "end": { "line": 26, "column": 60 }
      },
      "7": {
        "start": { "line": 29, "column": 30 },
        "end": { "line": 44, "column": 1 }
      },
      "8": {
        "start": { "line": 30, "column": 16 },
        "end": { "line": 30, "column": 50 }
      },
      "9": {
        "start": { "line": 31, "column": 2 },
        "end": { "line": 43, "column": 4 }
      },
      "10": {
        "start": { "line": 45, "column": 23 },
        "end": { "line": 45, "column": 76 }
      },
      "11": {
        "start": { "line": 45, "column": 29 },
        "end": { "line": 45, "column": 76 }
      },
      "12": {
        "start": { "line": 45, "column": 52 },
        "end": { "line": 45, "column": 75 }
      },
      "13": {
        "start": { "line": 46, "column": 36 },
        "end": { "line": 49, "column": 2 }
      },
      "14": {
        "start": { "line": 46, "column": 51 },
        "end": { "line": 49, "column": 1 }
      }
    },
    "fnMap": {
      "0": {
        "name": "(anonymous_0)",
        "decl": {
          "start": { "line": 11, "column": 30 },
          "end": { "line": 11, "column": 31 }
        },
        "loc": {
          "start": { "line": 12, "column": 2 },
          "end": { "line": 19, "column": 3 }
        },
        "line": 12
      },
      "1": {
        "name": "(anonymous_1)",
        "decl": {
          "start": { "line": 21, "column": 34 },
          "end": { "line": 21, "column": 35 }
        },
        "loc": {
          "start": { "line": 21, "column": 61 },
          "end": { "line": 27, "column": 1 }
        },
        "line": 21
      },
      "2": {
        "name": "(anonymous_2)",
        "decl": {
          "start": { "line": 29, "column": 30 },
          "end": { "line": 29, "column": 31 }
        },
        "loc": {
          "start": { "line": 29, "column": 42 },
          "end": { "line": 44, "column": 1 }
        },
        "line": 29
      },
      "3": {
        "name": "(anonymous_3)",
        "decl": {
          "start": { "line": 45, "column": 23 },
          "end": { "line": 45, "column": 24 }
        },
        "loc": {
          "start": { "line": 45, "column": 29 },
          "end": { "line": 45, "column": 76 }
        },
        "line": 45
      },
      "4": {
        "name": "(anonymous_4)",
        "decl": {
          "start": { "line": 45, "column": 41 },
          "end": { "line": 45, "column": 42 }
        },
        "loc": {
          "start": { "line": 45, "column": 52 },
          "end": { "line": 45, "column": 75 }
        },
        "line": 45
      },
      "5": {
        "name": "(anonymous_5)",
        "decl": {
          "start": { "line": 46, "column": 36 },
          "end": { "line": 46, "column": 37 }
        },
        "loc": {
          "start": { "line": 46, "column": 51 },
          "end": { "line": 49, "column": 1 }
        },
        "line": 46
      }
    },
    "branchMap": {
      "0": {
        "loc": {
          "start": { "line": 21, "column": 46 },
          "end": { "line": 21, "column": 56 }
        },
        "type": "default-arg",
        "locations": [
          {
            "start": { "line": 21, "column": 54 },
            "end": { "line": 21, "column": 56 }
          }
        ],
        "line": 21
      }
    },
    "s": {
      "0": 4,
      "1": 8,
      "2": 4,
      "3": 1,
      "4": 1,
      "5": 1,
      "6": 1,
      "7": 4,
      "8": 2,
      "9": 2,
      "10": 4,
      "11": 1,
      "12": 1,
      "13": 4,
      "14": 2
    },
    "f": { "0": 8, "1": 1, "2": 2, "3": 1, "4": 1, "5": 2 },
    "b": { "0": [0] },
    "_coverageSchema": "43e27e138ebf9cfc5966b082cf9a028302ed4184",
    "hash": "42f05bf61ac85cbd1e1d3a27a8f94e8227e36274"
  }
}
