TN:
SF:/Users/mac/wednesday/react-template/app/configureStore.js
FN:10,configureStore
FNF:1
FNH:1
FNDA:44,configureStore
DA:11,44
DA:12,44
DA:30,44
DA:35,44
DA:37,44
DA:39,44
DA:46,44
DA:47,44
DA:48,44
DA:58,44
LF:10
LH:10
BRDA:10,0,0,1
BRF:1
BRH:1
end_of_record
TN:
SF:/Users/mac/wednesday/react-template/app/i18n.js
FN:24,(anonymous_0)
FN:29,(anonymous_1)
FNF:2
FNH:2
FNDA:16,(anonymous_0)
FNDA:103,(anonymous_1)
DA:10,13
DA:11,13
DA:13,13
DA:15,13
DA:17,13
DA:20,13
DA:24,13
DA:26,16
DA:29,16
DA:31,103
DA:34,103
DA:36,16
DA:39,13
LF:13
LH:13
BRDA:26,0,0,1
BRDA:26,0,1,15
BRDA:31,1,0,1
BRDA:31,1,1,102
BRDA:31,2,0,103
BRDA:31,2,1,1
BRF:6
BRH:6
end_of_record
TN:
SF:/Users/mac/wednesday/react-template/app/reducers.js
FN:14,createReducer
FNF:1
FNH:1
FNDA:51,createReducer
DA:15,51
DA:21,51
LF:2
LH:2
BRDA:14,0,0,44
BRF:1
BRH:1
end_of_record
TN:
SF:/Users/mac/wednesday/react-template/app/routeConfig.js
FNF:0
FNH:0
DA:4,1
LF:1
LH:1
BRF:0
BRH:0
end_of_record
TN:
SF:/Users/mac/wednesday/react-template/app/components/Clickable/index.js
FN:18,Clickable
FNF:1
FNH:1
FNDA:7,Clickable
DA:12,2
DA:19,7
DA:26,2
LF:3
LH:3
BRDA:21,0,0,7
BRDA:21,0,1,5
BRF:2
BRH:2
end_of_record
TN:
SF:/Users/mac/wednesday/react-template/app/components/Text/index.js
FN:14,(anonymous_0)
FN:17,(anonymous_1)
FNF:2
FNH:2
FNDA:10,(anonymous_0)
FNDA:11,(anonymous_1)
DA:12,3
DA:14,10
DA:17,3
DA:18,11
DA:23,3
DA:28,3
DA:32,3
LF:7
LH:7
BRDA:14,0,0,10
BRDA:14,0,1,3
BRDA:19,1,0,11
BRDA:19,1,1,11
BRF:4
BRH:4
end_of_record
TN:
SF:/Users/mac/wednesday/react-template/app/containers/App/index.js
FN:25,App
FN:30,(anonymous_1)
FNF:2
FNH:0
FNDA:0,App
FNDA:0,(anonymous_1)
DA:20,1
DA:26,0
DA:31,0
DA:44,1
LF:4
LH:2
BRF:0
BRH:0
end_of_record
TN:
SF:/Users/mac/wednesday/react-template/app/containers/App/selectors.js
FN:3,(anonymous_0)
FN:5,(anonymous_1)
FN:8,(anonymous_2)
FNF:3
FNH:3
FNDA:1,(anonymous_0)
FNDA:1,(anonymous_1)
FNDA:1,(anonymous_2)
DA:3,1
DA:5,1
DA:6,1
DA:8,1
LF:4
LH:4
BRF:0
BRH:0
end_of_record
TN:
SF:/Users/mac/wednesday/react-template/app/containers/HomeContainer/index.js
FN:35,(anonymous_0)
FN:36,(anonymous_1)
FN:37,(anonymous_2)
FN:54,HomeContainer
FN:65,(anonymous_4)
FN:74,(anonymous_5)
FN:82,(anonymous_6)
FN:99,(anonymous_7)
FN:111,(anonymous_8)
FN:130,(anonymous_9)
FN:148,(anonymous_10)
FN:149,(anonymous_11)
FN:178,mapDispatchToProps
FN:181,(anonymous_13)
FNF:14
FNH:9
FNDA:6,(anonymous_0)
FNDA:6,(anonymous_1)
FNDA:6,(anonymous_2)
FNDA:3,HomeContainer
FNDA:3,(anonymous_4)
FNDA:1,(anonymous_5)
FNDA:3,(anonymous_6)
FNDA:0,(anonymous_7)
FNDA:3,(anonymous_8)
FNDA:0,(anonymous_9)
FNDA:1,(anonymous_10)
FNDA:0,(anonymous_11)
FNDA:0,mapDispatchToProps
FNDA:0,(anonymous_13)
DA:30,1
DA:32,1
DA:35,6
DA:36,6
DA:37,6
DA:40,1
DA:50,1
DA:62,3
DA:63,3
DA:64,3
DA:65,3
DA:68,3
DA:69,3
DA:70,0
DA:74,3
DA:75,1
DA:76,1
DA:77,1
DA:80,3
DA:82,3
DA:83,3
DA:84,3
DA:85,3
DA:100,0
DA:111,3
DA:113,3
DA:114,0
DA:115,3
DA:116,3
DA:118,3
DA:130,3
DA:131,0
DA:132,0
DA:134,3
DA:148,1
DA:149,0
DA:158,1
DA:171,1
DA:179,0
DA:180,0
DA:181,0
DA:185,1
DA:197,1
LF:43
LH:34
BRDA:37,0,0,6
BRDA:37,0,1,2
BRDA:57,1,0,3
BRDA:58,2,0,3
BRDA:68,3,0,3
BRDA:68,3,1,3
BRDA:69,4,0,0
BRDA:69,4,1,3
BRDA:69,5,0,3
BRDA:69,5,1,1
BRDA:75,6,0,1
BRDA:75,6,1,0
BRDA:86,7,0,3
BRDA:86,7,1,3
BRDA:86,7,2,1
BRDA:89,8,0,1
BRDA:89,8,1,0
BRDA:94,9,0,1
BRDA:94,9,1,0
BRDA:113,10,0,0
BRDA:113,10,1,3
BRDA:115,11,0,3
BRDA:115,11,1,0
BRDA:119,12,0,3
BRDA:119,12,1,2
BRDA:119,12,2,2
BRDA:122,13,0,0
BRDA:122,13,1,2
BRF:28
BRH:21
end_of_record
TN:
SF:/Users/mac/wednesday/react-template/app/containers/HomeContainer/reducer.js
FN:22,(anonymous_0)
FN:23,(anonymous_1)
FNF:2
FNH:2
FNDA:10,(anonymous_0)
FNDA:10,(anonymous_1)
DA:14,5
DA:19,5
DA:22,5
DA:23,10
DA:24,10
DA:26,1
DA:28,1
DA:30,1
DA:35,7
LF:9
LH:9
BRDA:22,0,0,7
BRDA:24,1,0,1
BRDA:24,1,1,1
BRDA:24,1,2,1
BRF:4
BRH:4
end_of_record
TN:
SF:/Users/mac/wednesday/react-template/app/containers/HomeContainer/saga.js
FN:7,getGithubRepos
FN:17,homeContainerSaga
FNF:2
FNH:2
FNDA:2,getGithubRepos
FNDA:3,homeContainerSaga
DA:5,2
DA:6,2
DA:8,2
DA:9,2
DA:10,2
DA:11,1
DA:13,1
DA:18,3
LF:8
LH:8
BRDA:10,0,0,1
BRDA:10,0,1,1
BRF:2
BRH:2
end_of_record
TN:
SF:/Users/mac/wednesday/react-template/app/containers/HomeContainer/selectors.js
FN:9,(anonymous_0)
FN:20,(anonymous_1)
FN:23,(anonymous_2)
FN:26,(anonymous_3)
FN:29,(anonymous_4)
FN:32,(anonymous_5)
FN:35,(anonymous_6)
FN:38,(anonymous_7)
FN:41,(anonymous_8)
FNF:9
FNH:9
FNDA:4,(anonymous_0)
FNDA:2,(anonymous_1)
FNDA:1,(anonymous_2)
FNDA:2,(anonymous_3)
FNDA:1,(anonymous_4)
FNDA:2,(anonymous_5)
FNDA:1,(anonymous_6)
FNDA:2,(anonymous_7)
FNDA:1,(anonymous_8)
DA:9,2
DA:10,4
DA:20,2
DA:21,2
DA:23,1
DA:26,2
DA:27,2
DA:29,1
DA:32,2
DA:33,2
DA:35,1
DA:38,2
DA:39,2
DA:41,1
LF:14
LH:14
BRDA:10,0,0,4
BRDA:10,0,1,0
BRF:2
BRH:1
end_of_record
TN:
SF:/Users/mac/wednesday/react-template/app/containers/LanguageProvider/index.js
FN:17,LanguageProvider
FN:37,(anonymous_1)
FN:42,mapDispatchToProps
FNF:3
FNH:3
FNDA:4,LanguageProvider
FNDA:2,(anonymous_1)
FNDA:3,mapDispatchToProps
DA:18,4
DA:29,5
DA:35,5
DA:37,2
DA:43,3
LF:5
LH:5
BRF:0
BRH:0
end_of_record
TN:
SF:/Users/mac/wednesday/react-template/app/containers/LanguageProvider/reducer.js
FN:23,(anonymous_0)
FN:24,(anonymous_1)
FNF:2
FNH:2
FNDA:160,(anonymous_0)
FNDA:160,(anonymous_1)
DA:14,12
DA:18,12
DA:23,12
DA:24,160
DA:25,160
DA:27,1
DA:29,159
LF:7
LH:7
BRDA:23,0,0,148
BRDA:25,1,0,1
BRDA:25,1,1,159
BRF:3
BRH:3
end_of_record
TN:
SF:/Users/mac/wednesday/react-template/app/containers/LanguageProvider/selectors.js
FN:7,(anonymous_0)
FN:13,(anonymous_1)
FN:16,(anonymous_2)
FNF:3
FNH:3
FNDA:6,(anonymous_0)
FNDA:5,(anonymous_1)
FNDA:5,(anonymous_2)
DA:7,6
DA:13,6
DA:14,5
DA:16,5
LF:4
LH:4
BRDA:7,0,0,6
BRDA:7,0,1,0
BRF:2
BRH:1
end_of_record
TN:
SF:/Users/mac/wednesday/react-template/app/containers/NotFoundPage/index.js
FN:13,NotFound
FNF:1
FNH:1
FNDA:1,NotFound
DA:14,1
LF:1
LH:1
BRF:0
BRH:0
end_of_record
TN:
SF:/Users/mac/wednesday/react-template/app/containers/NotFoundPage/messages.js
FNF:0
FNH:0
DA:8,1
LF:1
LH:1
BRF:0
BRH:0
end_of_record
TN:
SF:/Users/mac/wednesday/react-template/app/services/repoApi.js
FN:4,(anonymous_0)
FNF:1
FNH:1
FNDA:1,(anonymous_0)
DA:2,3
DA:4,3
DA:5,1
LF:3
LH:3
BRF:0
BRH:0
end_of_record
TN:
SF:/Users/mac/wednesday/react-template/app/themes/colors.js
FNF:0
FNH:0
DA:8,2
DA:9,2
DA:10,2
DA:11,2
DA:12,2
LF:5
LH:5
BRF:0
BRH:0
end_of_record
TN:
SF:/Users/mac/wednesday/react-template/app/themes/fonts.js
FN:4,(anonymous_0)
FN:7,(anonymous_1)
FN:10,(anonymous_2)
FN:13,(anonymous_3)
FN:18,(anonymous_4)
FN:21,(anonymous_5)
FN:25,(anonymous_6)
FN:30,(anonymous_7)
FN:35,(anonymous_8)
FN:40,(anonymous_9)
FN:45,(anonymous_10)
FNF:11
FNH:11
FNDA:3,(anonymous_0)
FNDA:3,(anonymous_1)
FNDA:3,(anonymous_2)
FNDA:3,(anonymous_3)
FNDA:1,(anonymous_4)
FNDA:5,(anonymous_5)
FNDA:5,(anonymous_6)
FNDA:2,(anonymous_7)
FNDA:2,(anonymous_8)
FNDA:2,(anonymous_9)
FNDA:2,(anonymous_10)
DA:4,3
DA:7,3
DA:10,3
DA:13,3
DA:18,2
DA:21,5
DA:25,5
DA:30,2
DA:35,2
DA:40,2
DA:45,2
LF:11
LH:11
BRF:0
BRH:0
end_of_record
TN:
SF:/Users/mac/wednesday/react-template/app/utils/checkStore.js
FN:7,checkStore
FNF:1
FNH:1
FNDA:17,checkStore
DA:8,17
DA:17,17
LF:2
LH:2
BRF:0
BRH:0
end_of_record
TN:
SF:/Users/mac/wednesday/react-template/app/utils/constants.js
FNF:0
FNH:0
DA:1,3
DA:2,3
DA:3,3
LF:3
LH:3
BRF:0
BRH:0
end_of_record
TN:
SF:/Users/mac/wednesday/react-template/app/utils/history.js
FNF:0
FNH:0
DA:2,10
LF:1
LH:1
BRF:0
BRH:0
end_of_record
TN:
SF:/Users/mac/wednesday/react-template/app/utils/injectReducer.js
FN:14,(anonymous_0)
FN:14,(anonymous_1)
FN:24,(anonymous_2)
FN:30,(anonymous_3)
FN:38,(anonymous_4)
FN:40,(anonymous_5)
FNF:6
FNH:6
FNDA:4,(anonymous_0)
FNDA:4,(anonymous_1)
FNDA:2,(anonymous_2)
FNDA:2,(anonymous_3)
FNDA:4,(anonymous_4)
FNDA:3,(anonymous_5)
DA:14,4
DA:25,2
DA:27,2
DA:31,2
DA:35,4
DA:38,2
DA:39,4
DA:40,4
DA:41,3
LF:9
LH:9
BRDA:20,0,0,4
BRDA:20,0,1,4
BRDA:20,0,2,1
BRF:3
BRH:3
end_of_record
TN:
SF:/Users/mac/wednesday/react-template/app/utils/injectSaga.js
FN:19,(anonymous_0)
FN:19,(anonymous_1)
FN:29,(anonymous_2)
FN:37,(anonymous_3)
FN:41,(anonymous_4)
FN:49,(anonymous_5)
FN:51,(anonymous_6)
FN:54,(anonymous_7)
FNF:8
FNH:8
FNDA:5,(anonymous_0)
FNDA:5,(anonymous_1)
FNDA:3,(anonymous_2)
FNDA:1,(anonymous_3)
FNDA:3,(anonymous_4)
FNDA:5,(anonymous_5)
FNDA:4,(anonymous_6)
FNDA:4,(anonymous_7)
DA:19,5
DA:30,3
DA:32,3
DA:34,3
DA:38,1
DA:42,3
DA:46,5
DA:49,2
DA:50,5
DA:51,5
DA:52,4
DA:53,4
DA:54,4
DA:55,4
LF:14
LH:14
BRDA:25,0,0,5
BRDA:25,0,1,5
BRDA:25,0,2,1
BRF:3
BRH:3
end_of_record
TN:
SF:/Users/mac/wednesday/react-template/app/utils/loadable.js
FN:3,(anonymous_0)
FN:6,(anonymous_1)
FNF:2
FNH:1
FNDA:2,(anonymous_0)
FNDA:0,(anonymous_1)
DA:3,1
DA:4,2
DA:6,2
DA:7,0
LF:4
LH:3
BRDA:3,0,0,2
BRDA:3,1,0,0
BRF:2
BRH:1
end_of_record
TN:
SF:/Users/mac/wednesday/react-template/app/utils/reducerInjectors.js
FN:7,injectReducerFactory
FN:8,injectReducer
FN:28,getInjectors
FNF:3
FNH:3
FNDA:10,injectReducerFactory
FNDA:12,injectReducer
FNDA:4,getInjectors
DA:8,10
DA:9,12
DA:11,11
DA:17,8
DA:21,1
DA:23,7
DA:24,7
DA:29,4
DA:31,3
LF:9
LH:9
BRDA:9,0,0,1
BRDA:9,0,1,11
BRDA:12,1,0,11
BRDA:12,1,1,9
BRDA:12,1,2,8
BRDA:17,2,0,1
BRDA:17,2,1,7
BRDA:18,3,0,8
BRDA:18,3,1,2
BRF:9
BRH:9
end_of_record
TN:
SF:/Users/mac/wednesday/react-template/app/utils/sagaInjectors.js
FN:9,(anonymous_0)
FN:15,(anonymous_1)
FN:18,(anonymous_2)
FN:26,injectSagaFactory
FN:27,injectSaga
FN:64,ejectSagaFactory
FN:65,ejectSaga
FN:84,getInjectors
FNF:8
FNH:8
FNDA:40,(anonymous_0)
FNDA:26,(anonymous_1)
FNDA:26,(anonymous_2)
FNDA:23,injectSagaFactory
FNDA:29,injectSaga
FNDA:23,ejectSagaFactory
FNDA:13,ejectSaga
FNDA:4,getInjectors
DA:7,3
DA:9,3
DA:10,40
DA:15,3
DA:16,26
DA:18,26
DA:20,26
DA:27,23
DA:28,29
DA:30,28
DA:34,28
DA:36,28
DA:37,26
DA:39,22
DA:41,22
DA:42,18
DA:44,18
DA:45,1
DA:46,1
DA:50,22
DA:55,17
DA:65,23
DA:66,13
DA:68,12
DA:70,10
DA:71,9
DA:72,9
DA:73,3
DA:75,3
DA:77,2
DA:85,4
DA:86,3
LF:32
LH:32
BRDA:11,0,0,40
BRDA:11,0,1,38
BRDA:18,1,0,26
BRDA:18,1,1,25
BRDA:27,2,0,1
BRDA:28,3,0,1
BRDA:28,3,1,28
BRDA:32,4,0,28
BRDA:32,4,1,12
BRDA:41,5,0,18
BRDA:41,5,1,4
BRDA:44,6,0,1
BRDA:44,6,1,17
BRDA:44,7,0,18
BRDA:44,7,1,5
BRDA:50,8,0,17
BRDA:50,8,1,5
BRDA:51,9,0,22
BRDA:51,9,1,5
BRDA:51,9,2,5
BRDA:51,9,3,2
BRDA:66,10,0,1
BRDA:66,10,1,12
BRDA:70,11,0,9
BRDA:70,11,1,1
BRDA:72,12,0,3
BRDA:72,12,1,6
BRDA:72,13,0,9
BRDA:72,13,1,9
BRDA:75,14,0,2
BRDA:75,14,1,1
BRF:31
BRH:31
end_of_record
TN:
SF:/Users/mac/wednesday/react-template/app/utils/testUtils.js
FN:11,(anonymous_0)
FN:21,(anonymous_1)
FN:29,(anonymous_2)
FN:45,(anonymous_3)
FN:45,(anonymous_4)
FN:46,(anonymous_5)
FNF:6
FNH:6
FNDA:8,(anonymous_0)
FNDA:1,(anonymous_1)
FNDA:2,(anonymous_2)
FNDA:1,(anonymous_3)
FNDA:1,(anonymous_4)
FNDA:2,(anonymous_5)
DA:11,4
DA:12,8
DA:21,4
DA:22,1
DA:23,1
DA:24,1
DA:26,1
DA:29,4
DA:30,2
DA:31,2
DA:45,4
DA:46,4
LF:12
LH:12
BRDA:21,0,0,0
BRF:1
BRH:0
end_of_record
